v ATLAS
# This file was created by ATLAS version 5.28.1.R on Tue Mar 31 16:59:43 2026.
#SSF 2.0 generic
##############################################################################
#                    Copyright (c) 1984 - 2019                               #
#                    Silvaco Inc. All rights reserved                        #
#                                                                            #
# This file format and the following Key are copyright Silvaco Inc.          #
# You may not use, this format or key without reproducing this message in    #
# full and obtaining express written permission from Silvaco Inc.            #
#                                                                            #
# To obtain such permission please contact: Silvaco Inc.                     #
#                                           support@silvaco.com              #
#                                                                            #
# KEY=SVC86hn7562asdx                       PROD=345                         #
##############################################################################
y 1 15
z 300
f 4 "Source" "Gate" "Bulk" "Drain" 
p 12 2 601 20 3 602 21 4 603 22 5 604 23 
d 0.000000000e+000 0.000000000e+000 -8.009596906e-008 0.000000000e+000 0.000000000e+000 0.000000000e+000 0.000000000e+000 0.000000000e+000 -1.244053044e-017 1.000000000e+000 1.000000000e+000 8.009596916e-008 
d 0.000000000e+000 0.000000000e+000 -9.094942689e-008 1.000000000e-002 1.000000000e-002 0.000000000e+000 0.000000000e+000 0.000000000e+000 -1.237740208e-017 1.000000000e+000 1.000000000e+000 9.094942737e-008 
d 0.000000000e+000 0.000000000e+000 -1.033546601e-007 2.000000000e-002 2.000000000e-002 0.000000000e+000 0.000000000e+000 0.000000000e+000 -1.239463799e-017 1.000000000e+000 1.000000000e+000 1.033546556e-007 
d 0.000000000e+000 0.000000000e+000 -1.175458542e-007 3.000000000e-002 3.000000000e-002 0.000000000e+000 0.000000000e+000 0.000000000e+000 -1.236190121e-017 1.000000000e+000 1.000000000e+000 1.175458485e-007 
d 0.000000000e+000 0.000000000e+000 -1.337943556e-007 4.000000000e-002 4.000000000e-002 0.000000000e+000 0.000000000e+000 0.000000000e+000 -1.235364086e-017 1.000000000e+000 1.000000000e+000 1.337943482e-007 
d 0.000000000e+000 0.000000000e+000 -1.524150766e-007 5.000000000e-002 5.000000000e-002 0.000000000e+000 0.000000000e+000 0.000000000e+000 -1.239382344e-017 1.000000000e+000 1.000000000e+000 1.524150665e-007 
d 0.000000000e+000 0.000000000e+000 -1.737738840e-007 6.000000000e-002 6.000000000e-002 0.000000000e+000 0.000000000e+000 0.000000000e+000 -1.243869736e-017 1.000000000e+000 1.000000000e+000 1.737738702e-007 
d 0.000000000e+000 0.000000000e+000 -1.982963116e-007 7.000000000e-002 7.000000000e-002 0.000000000e+000 0.000000000e+000 0.000000000e+000 -1.239851572e-017 1.000000000e+000 1.000000000e+000 1.982962935e-007 
d 0.000000000e+000 0.000000000e+000 -2.264778503e-007 8.000000000e-002 8.000000000e-002 0.000000000e+000 0.000000000e+000 0.000000000e+000 -1.236118968e-017 1.000000000e+000 1.000000000e+000 2.264778266e-007 
d 0.000000000e+000 0.000000000e+000 -2.588961156e-007 9.000000000e-002 9.000000000e-002 0.000000000e+000 0.000000000e+000 0.000000000e+000 -1.238587060e-017 1.000000000e+000 1.000000000e+000 2.588960844e-007 
d 0.000000000e+000 0.000000000e+000 -2.962252668e-007 1.000000000e-001 1.000000000e-001 0.000000000e+000 0.000000000e+000 0.000000000e+000 -1.230734263e-017 1.000000000e+000 1.000000000e+000 2.962252243e-007 
d 0.000000000e+000 0.000000000e+000 -3.392531214e-007 1.100000000e-001 1.100000000e-001 0.000000000e+000 0.000000000e+000 0.000000000e+000 -1.240014965e-017 1.000000000e+000 1.000000000e+000 3.392530660e-007 
d 0.000000000e+000 0.000000000e+000 -3.889029973e-007 1.200000000e-001 1.200000000e-001 0.000000000e+000 0.000000000e+000 0.000000000e+000 -1.233763340e-017 1.000000000e+000 1.000000000e+000 3.889029979e-007 
d 0.000000000e+000 0.000000000e+000 -4.462525644e-007 1.300000000e-001 1.300000000e-001 0.000000000e+000 0.000000000e+000 0.000000000e+000 -1.238169161e-017 1.000000000e+000 1.000000000e+000 4.462525646e-007 
d 0.000000000e+000 0.000000000e+000 -5.125706122e-007 1.400000000e-001 1.400000000e-001 0.000000000e+000 0.000000000e+000 0.000000000e+000 -1.238770943e-017 1.000000000e+000 1.000000000e+000 5.125706124e-007 
d 0.000000000e+000 0.000000000e+000 -5.893477330e-007 1.500000000e-001 1.500000000e-001 0.000000000e+000 0.000000000e+000 0.000000000e+000 -1.235997023e-017 1.000000000e+000 1.000000000e+000 5.893477324e-007 
d 0.000000000e+000 0.000000000e+000 -6.783417093e-007 1.600000000e-001 1.600000000e-001 0.000000000e+000 0.000000000e+000 0.000000000e+000 -1.228756163e-017 1.000000000e+000 1.000000000e+000 6.783417094e-007 
d 0.000000000e+000 0.000000000e+000 -7.816387506e-007 1.700000000e-001 1.700000000e-001 0.000000000e+000 0.000000000e+000 0.000000000e+000 -1.239342304e-017 1.000000000e+000 1.000000000e+000 7.816387513e-007 
d 0.000000000e+000 0.000000000e+000 -9.016410608e-007 1.800000000e-001 1.800000000e-001 0.000000000e+000 0.000000000e+000 0.000000000e+000 -1.231540541e-017 1.000000000e+000 1.000000000e+000 9.016410606e-007 
d 0.000000000e+000 0.000000000e+000 -1.040755436e-006 1.900000000e-001 1.900000000e-001 0.000000000e+000 0.000000000e+000 0.000000000e+000 -1.236874469e-017 1.000000000e+000 1.000000000e+000 1.040755434e-006 
d 0.000000000e+000 0.000000000e+000 -1.202385821e-006 2.000000000e-001 2.000000000e-001 0.000000000e+000 0.000000000e+000 0.000000000e+000 -1.230021188e-017 1.000000000e+000 1.000000000e+000 1.202385821e-006 
d 0.000000000e+000 0.000000000e+000 -1.390794678e-006 2.100000000e-001 2.100000000e-001 0.000000000e+000 0.000000000e+000 0.000000000e+000 -1.236171021e-017 1.000000000e+000 1.000000000e+000 1.390794678e-006 
d 0.000000000e+000 0.000000000e+000 -1.610517899e-006 2.200000000e-001 2.200000000e-001 0.000000000e+000 0.000000000e+000 0.000000000e+000 -1.236446528e-017 1.000000000e+000 1.000000000e+000 1.610517898e-006 
d 0.000000000e+000 0.000000000e+000 -1.867142697e-006 2.300000000e-001 2.300000000e-001 0.000000000e+000 0.000000000e+000 0.000000000e+000 -1.236752649e-017 1.000000000e+000 1.000000000e+000 1.867142695e-006 
d 0.000000000e+000 0.000000000e+000 -2.167209846e-006 2.400000000e-001 2.400000000e-001 0.000000000e+000 0.000000000e+000 0.000000000e+000 -1.230460356e-017 1.000000000e+000 1.000000000e+000 2.167209842e-006 
d 0.000000000e+000 0.000000000e+000 -2.518438627e-006 2.500000000e-001 2.500000000e-001 0.000000000e+000 0.000000000e+000 0.000000000e+000 -1.231939353e-017 1.000000000e+000 1.000000000e+000 2.518438621e-006 
d 0.000000000e+000 0.000000000e+000 -2.929931182e-006 2.600000000e-001 2.600000000e-001 0.000000000e+000 0.000000000e+000 0.000000000e+000 -1.234091482e-017 1.000000000e+000 1.000000000e+000 2.929931173e-006 
d 0.000000000e+000 0.000000000e+000 -3.412561202e-006 2.700000000e-001 2.700000000e-001 0.000000000e+000 0.000000000e+000 0.000000000e+000 -1.233275881e-017 1.000000000e+000 1.000000000e+000 3.412561187e-006 
d 0.000000000e+000 0.000000000e+000 -3.979135551e-006 2.800000000e-001 2.800000000e-001 0.000000000e+000 0.000000000e+000 0.000000000e+000 -1.235662653e-017 1.000000000e+000 1.000000000e+000 3.979135528e-006 
d 0.000000000e+000 0.000000000e+000 -4.644796859e-006 2.900000000e-001 2.900000000e-001 0.000000000e+000 0.000000000e+000 0.000000000e+000 -1.233847690e-017 1.000000000e+000 1.000000000e+000 4.644796821e-006 
d 0.000000000e+000 0.000000000e+000 -5.427423221e-006 3.000000000e-001 3.000000000e-001 0.000000000e+000 0.000000000e+000 0.000000000e+000 -1.238284472e-017 1.000000000e+000 1.000000000e+000 5.427423160e-006 
d 0.000000000e+000 0.000000000e+000 -6.348150546e-006 3.100000000e-001 3.100000000e-001 0.000000000e+000 0.000000000e+000 0.000000000e+000 -1.228994128e-017 1.000000000e+000 1.000000000e+000 6.348150449e-006 
d 0.000000000e+000 0.000000000e+000 -7.432259285e-006 3.200000000e-001 3.200000000e-001 0.000000000e+000 0.000000000e+000 0.000000000e+000 -1.233747215e-017 1.000000000e+000 1.000000000e+000 7.432259128e-006 
d 0.000000000e+000 0.000000000e+000 -8.704586214e-006 3.300000000e-001 3.300000000e-001 0.000000000e+000 0.000000000e+000 0.000000000e+000 -1.230310992e-017 1.000000000e+000 1.000000000e+000 8.704585949e-006 
d 0.000000000e+000 0.000000000e+000 -1.019789188e-005 3.400000000e-001 3.400000000e-001 0.000000000e+000 0.000000000e+000 0.000000000e+000 -1.230260784e-017 1.000000000e+000 1.000000000e+000 1.019789190e-005 
d 0.000000000e+000 0.000000000e+000 -1.195311249e-005 3.500000000e-001 3.500000000e-001 0.000000000e+000 0.000000000e+000 0.000000000e+000 -1.228252593e-017 1.000000000e+000 1.000000000e+000 1.195311253e-005 
d 0.000000000e+000 0.000000000e+000 -1.401431952e-005 3.600000000e-001 3.600000000e-001 0.000000000e+000 0.000000000e+000 0.000000000e+000 -1.227560161e-017 1.000000000e+000 1.000000000e+000 1.401431957e-005 
d 0.000000000e+000 0.000000000e+000 -1.643198864e-005 3.700000000e-001 3.700000000e-001 0.000000000e+000 0.000000000e+000 0.000000000e+000 -1.236995026e-017 1.000000000e+000 1.000000000e+000 1.643198874e-005 
d 0.000000000e+000 0.000000000e+000 -1.926274464e-005 3.800000000e-001 3.800000000e-001 0.000000000e+000 0.000000000e+000 0.000000000e+000 -1.238648631e-017 1.000000000e+000 1.000000000e+000 1.926274482e-005 
d 0.000000000e+000 0.000000000e+000 -2.256898653e-005 3.900000000e-001 3.900000000e-001 0.000000000e+000 0.000000000e+000 0.000000000e+000 -1.237365299e-017 1.000000000e+000 1.000000000e+000 2.256898683e-005 
d 0.000000000e+000 0.000000000e+000 -2.641103210e-005 4.000000000e-001 4.000000000e-001 0.000000000e+000 0.000000000e+000 0.000000000e+000 -1.237693592e-017 1.000000000e+000 1.000000000e+000 2.641103258e-005 
d 0.000000000e+000 0.000000000e+000 -3.087650458e-005 4.100000000e-001 4.100000000e-001 0.000000000e+000 0.000000000e+000 0.000000000e+000 -1.232117251e-017 1.000000000e+000 1.000000000e+000 3.087650550e-005 
d 0.000000000e+000 0.000000000e+000 -3.599346288e-005 4.200000000e-001 4.200000000e-001 0.000000000e+000 0.000000000e+000 0.000000000e+000 -1.233445614e-017 1.000000000e+000 1.000000000e+000 3.599346377e-005 
d 0.000000000e+000 0.000000000e+000 -4.184844479e-005 4.300000000e-001 4.300000000e-001 0.000000000e+000 0.000000000e+000 0.000000000e+000 -1.227105049e-017 1.000000000e+000 1.000000000e+000 4.184844507e-005 
d 0.000000000e+000 0.000000000e+000 -4.851338982e-005 4.400000000e-001 4.400000000e-001 0.000000000e+000 0.000000000e+000 0.000000000e+000 -1.242130744e-017 1.000000000e+000 1.000000000e+000 4.851339033e-005 
d 0.000000000e+000 0.000000000e+000 -5.608896574e-005 4.500000000e-001 4.500000000e-001 0.000000000e+000 0.000000000e+000 0.000000000e+000 -1.234393791e-017 1.000000000e+000 1.000000000e+000 5.608896675e-005 
d 0.000000000e+000 0.000000000e+000 -6.463360692e-005 4.600000000e-001 4.600000000e-001 0.000000000e+000 0.000000000e+000 0.000000000e+000 -1.244596463e-017 1.000000000e+000 1.000000000e+000 6.463360851e-005 
d 0.000000000e+000 0.000000000e+000 -7.420825006e-005 4.700000000e-001 4.700000000e-001 0.000000000e+000 0.000000000e+000 0.000000000e+000 -1.240929628e-017 1.000000000e+000 1.000000000e+000 7.420825258e-005 
d 0.000000000e+000 0.000000000e+000 -8.488113222e-005 4.800000000e-001 4.800000000e-001 0.000000000e+000 0.000000000e+000 0.000000000e+000 -1.237375465e-017 1.000000000e+000 1.000000000e+000 8.488113306e-005 
d 0.000000000e+000 0.000000000e+000 -9.669220006e-005 4.900000000e-001 4.900000000e-001 0.000000000e+000 0.000000000e+000 0.000000000e+000 -1.237758422e-017 1.000000000e+000 1.000000000e+000 9.669220144e-005 
d 0.000000000e+000 0.000000000e+000 -1.096720115e-004 5.000000000e-001 5.000000000e-001 0.000000000e+000 0.000000000e+000 0.000000000e+000 -1.236907855e-017 1.000000000e+000 1.000000000e+000 1.096720138e-004 
d 0.000000000e+000 0.000000000e+000 -1.238358892e-004 5.100000000e-001 5.100000000e-001 0.000000000e+000 0.000000000e+000 0.000000000e+000 -1.241126436e-017 1.000000000e+000 1.000000000e+000 1.238358922e-004 
d 0.000000000e+000 0.000000000e+000 -1.392026729e-004 5.200000000e-001 5.200000000e-001 0.000000000e+000 0.000000000e+000 0.000000000e+000 -1.240001477e-017 1.000000000e+000 1.000000000e+000 1.392026746e-004 
d 0.000000000e+000 0.000000000e+000 -1.557667706e-004 5.300000000e-001 5.300000000e-001 0.000000000e+000 0.000000000e+000 0.000000000e+000 -1.244098615e-017 1.000000000e+000 1.000000000e+000 1.557667730e-004 
d 0.000000000e+000 0.000000000e+000 -1.735122018e-004 5.400000000e-001 5.400000000e-001 0.000000000e+000 0.000000000e+000 0.000000000e+000 -1.242933757e-017 1.000000000e+000 1.000000000e+000 1.735122056e-004 
d 0.000000000e+000 0.000000000e+000 -1.924118812e-004 5.500000000e-001 5.500000000e-001 0.000000000e+000 0.000000000e+000 0.000000000e+000 -1.240412900e-017 1.000000000e+000 1.000000000e+000 1.924118861e-004 
d 0.000000000e+000 0.000000000e+000 -2.124245698e-004 5.600000000e-001 5.600000000e-001 0.000000000e+000 0.000000000e+000 0.000000000e+000 -1.243960522e-017 1.000000000e+000 1.000000000e+000 2.124245759e-004 
d 0.000000000e+000 0.000000000e+000 -2.335096556e-004 5.700000000e-001 5.700000000e-001 0.000000000e+000 0.000000000e+000 0.000000000e+000 -1.242480609e-017 1.000000000e+000 1.000000000e+000 2.335096590e-004 
d 0.000000000e+000 0.000000000e+000 -2.556292143e-004 5.800000000e-001 5.800000000e-001 0.000000000e+000 0.000000000e+000 0.000000000e+000 -1.243458831e-017 1.000000000e+000 1.000000000e+000 2.556292186e-004 
d 0.000000000e+000 0.000000000e+000 -2.787247560e-004 5.900000000e-001 5.900000000e-001 0.000000000e+000 0.000000000e+000 0.000000000e+000 -1.249240804e-017 1.000000000e+000 1.000000000e+000 2.787247612e-004 
d 0.000000000e+000 0.000000000e+000 -3.027488273e-004 6.000000000e-001 6.000000000e-001 0.000000000e+000 0.000000000e+000 0.000000000e+000 -1.245946319e-017 1.000000000e+000 1.000000000e+000 3.027488329e-004 
d 0.000000000e+000 0.000000000e+000 -3.276582513e-004 6.100000000e-001 6.100000000e-001 0.000000000e+000 0.000000000e+000 0.000000000e+000 -1.247129162e-017 1.000000000e+000 1.000000000e+000 3.276582568e-004 
d 0.000000000e+000 0.000000000e+000 -3.533995525e-004 6.200000000e-001 6.200000000e-001 0.000000000e+000 0.000000000e+000 0.000000000e+000 -1.242845750e-017 1.000000000e+000 1.000000000e+000 3.533995574e-004 
d 0.000000000e+000 0.000000000e+000 -3.799275427e-004 6.300000000e-001 6.300000000e-001 0.000000000e+000 0.000000000e+000 0.000000000e+000 -1.244630566e-017 1.000000000e+000 1.000000000e+000 3.799275460e-004 
d 0.000000000e+000 0.000000000e+000 -4.071985299e-004 6.400000000e-001 6.400000000e-001 0.000000000e+000 0.000000000e+000 0.000000000e+000 -1.250433679e-017 1.000000000e+000 1.000000000e+000 4.071985319e-004 
d 0.000000000e+000 0.000000000e+000 -4.351640481e-004 6.500000000e-001 6.500000000e-001 0.000000000e+000 0.000000000e+000 0.000000000e+000 -1.256665184e-017 1.000000000e+000 1.000000000e+000 4.351640489e-004 
d 0.000000000e+000 0.000000000e+000 -4.637902477e-004 6.600000000e-001 6.600000000e-001 0.000000000e+000 0.000000000e+000 0.000000000e+000 -1.257083571e-017 1.000000000e+000 1.000000000e+000 4.637902465e-004 
d 0.000000000e+000 0.000000000e+000 -4.930413558e-004 6.700000000e-001 6.700000000e-001 0.000000000e+000 0.000000000e+000 0.000000000e+000 -1.253208394e-017 1.000000000e+000 1.000000000e+000 4.930413519e-004 
d 0.000000000e+000 0.000000000e+000 -5.228840428e-004 6.800000000e-001 6.800000000e-001 0.000000000e+000 0.000000000e+000 0.000000000e+000 -1.266895040e-017 1.000000000e+000 1.000000000e+000 5.228840345e-004 
d 0.000000000e+000 0.000000000e+000 -5.532815577e-004 6.900000000e-001 6.900000000e-001 0.000000000e+000 0.000000000e+000 0.000000000e+000 -1.262377316e-017 1.000000000e+000 1.000000000e+000 5.532815374e-004 
d 0.000000000e+000 0.000000000e+000 -5.842100115e-004 7.000000000e-001 7.000000000e-001 0.000000000e+000 0.000000000e+000 0.000000000e+000 -1.266089743e-017 1.000000000e+000 1.000000000e+000 5.842099803e-004 
d 0.000000000e+000 0.000000000e+000 -6.156406608e-004 7.100000000e-001 7.100000000e-001 0.000000000e+000 0.000000000e+000 0.000000000e+000 -1.262622358e-017 1.000000000e+000 1.000000000e+000 6.156406230e-004 
d 0.000000000e+000 0.000000000e+000 -6.475463151e-004 7.200000000e-001 7.200000000e-001 0.000000000e+000 0.000000000e+000 0.000000000e+000 -1.265814525e-017 1.000000000e+000 1.000000000e+000 6.475462864e-004 
d 0.000000000e+000 0.000000000e+000 -6.799001356e-004 7.300000000e-001 7.300000000e-001 0.000000000e+000 0.000000000e+000 0.000000000e+000 -1.265814471e-017 1.000000000e+000 1.000000000e+000 6.799001000e-004 
d 0.000000000e+000 0.000000000e+000 -7.126782846e-004 7.400000000e-001 7.400000000e-001 0.000000000e+000 0.000000000e+000 0.000000000e+000 -1.267966204e-017 1.000000000e+000 1.000000000e+000 7.126782452e-004 
d 0.000000000e+000 0.000000000e+000 -7.458590576e-004 7.500000000e-001 7.500000000e-001 0.000000000e+000 0.000000000e+000 0.000000000e+000 -1.266742123e-017 1.000000000e+000 1.000000000e+000 7.458590118e-004 
d 0.000000000e+000 0.000000000e+000 -7.794243098e-004 7.600000000e-001 7.600000000e-001 0.000000000e+000 0.000000000e+000 0.000000000e+000 -1.268720259e-017 1.000000000e+000 1.000000000e+000 7.794242700e-004 
d 0.000000000e+000 0.000000000e+000 -8.133496714e-004 7.700000000e-001 7.700000000e-001 0.000000000e+000 0.000000000e+000 0.000000000e+000 -1.255798249e-017 1.000000000e+000 1.000000000e+000 8.133496298e-004 
d 0.000000000e+000 0.000000000e+000 -8.476223864e-004 7.800000000e-001 7.800000000e-001 0.000000000e+000 0.000000000e+000 0.000000000e+000 -1.272400796e-017 1.000000000e+000 1.000000000e+000 8.476223476e-004 
d 0.000000000e+000 0.000000000e+000 -8.822232283e-004 7.900000000e-001 7.900000000e-001 0.000000000e+000 0.000000000e+000 0.000000000e+000 -1.268330830e-017 1.000000000e+000 1.000000000e+000 8.822231853e-004 
d 0.000000000e+000 0.000000000e+000 -9.171368715e-004 8.000000000e-001 8.000000000e-001 0.000000000e+000 0.000000000e+000 0.000000000e+000 -1.257152365e-017 1.000000000e+000 1.000000000e+000 9.171368243e-004 
d 0.000000000e+000 0.000000000e+000 -9.523429845e-004 8.100000000e-001 8.100000000e-001 0.000000000e+000 0.000000000e+000 0.000000000e+000 -1.269583305e-017 1.000000000e+000 1.000000000e+000 9.523429362e-004 
d 0.000000000e+000 0.000000000e+000 -9.878312951e-004 8.200000000e-001 8.200000000e-001 0.000000000e+000 0.000000000e+000 0.000000000e+000 -1.268388892e-017 1.000000000e+000 1.000000000e+000 9.878312531e-004 
d 0.000000000e+000 0.000000000e+000 -1.023585885e-003 8.300000000e-001 8.300000000e-001 0.000000000e+000 0.000000000e+000 0.000000000e+000 -1.269998920e-017 1.000000000e+000 1.000000000e+000 1.023585839e-003 
d 0.000000000e+000 0.000000000e+000 -1.059594549e-003 8.400000000e-001 8.400000000e-001 0.000000000e+000 0.000000000e+000 0.000000000e+000 -1.275127284e-017 1.000000000e+000 1.000000000e+000 1.059594500e-003 
d 0.000000000e+000 0.000000000e+000 -1.095845245e-003 8.500000000e-001 8.500000000e-001 0.000000000e+000 0.000000000e+000 0.000000000e+000 -1.281030584e-017 1.000000000e+000 1.000000000e+000 1.095845193e-003 
d 0.000000000e+000 0.000000000e+000 -1.132325833e-003 8.600000000e-001 8.600000000e-001 0.000000000e+000 0.000000000e+000 0.000000000e+000 -1.281202169e-017 1.000000000e+000 1.000000000e+000 1.132325781e-003 
d 0.000000000e+000 0.000000000e+000 -1.169027730e-003 8.700000000e-001 8.700000000e-001 0.000000000e+000 0.000000000e+000 0.000000000e+000 -1.288267794e-017 1.000000000e+000 1.000000000e+000 1.169027682e-003 
d 0.000000000e+000 0.000000000e+000 -1.205940562e-003 8.800000000e-001 8.800000000e-001 0.000000000e+000 0.000000000e+000 0.000000000e+000 -1.289448727e-017 1.000000000e+000 1.000000000e+000 1.205940511e-003 
d 0.000000000e+000 0.000000000e+000 -1.243030743e-003 8.900000000e-001 8.900000000e-001 0.000000000e+000 0.000000000e+000 0.000000000e+000 -1.288630595e-017 1.000000000e+000 1.000000000e+000 1.243030696e-003 
d 0.000000000e+000 0.000000000e+000 -1.280306115e-003 9.000000000e-001 9.000000000e-001 0.000000000e+000 0.000000000e+000 0.000000000e+000 -1.285476851e-017 1.000000000e+000 1.000000000e+000 1.280306065e-003 
d 0.000000000e+000 0.000000000e+000 -1.317762188e-003 9.100000000e-001 9.100000000e-001 0.000000000e+000 0.000000000e+000 0.000000000e+000 -1.286259581e-017 1.000000000e+000 1.000000000e+000 1.317762136e-003 
d 0.000000000e+000 0.000000000e+000 -1.355390742e-003 9.200000000e-001 9.200000000e-001 0.000000000e+000 0.000000000e+000 0.000000000e+000 -1.293701788e-017 1.000000000e+000 1.000000000e+000 1.355390694e-003 
d 0.000000000e+000 0.000000000e+000 -1.393180093e-003 9.300000000e-001 9.300000000e-001 0.000000000e+000 0.000000000e+000 0.000000000e+000 -1.292852457e-017 1.000000000e+000 1.000000000e+000 1.393180048e-003 
d 0.000000000e+000 0.000000000e+000 -1.431123512e-003 9.400000000e-001 9.400000000e-001 0.000000000e+000 0.000000000e+000 0.000000000e+000 -1.301609974e-017 1.000000000e+000 1.000000000e+000 1.431123466e-003 
d 0.000000000e+000 0.000000000e+000 -1.469214104e-003 9.500000000e-001 9.500000000e-001 0.000000000e+000 0.000000000e+000 0.000000000e+000 -1.310887470e-017 1.000000000e+000 1.000000000e+000 1.469214057e-003 
d 0.000000000e+000 0.000000000e+000 -1.507444534e-003 9.600000000e-001 9.600000000e-001 0.000000000e+000 0.000000000e+000 0.000000000e+000 -1.304397925e-017 1.000000000e+000 1.000000000e+000 1.507444488e-003 
d 0.000000000e+000 0.000000000e+000 -1.545807687e-003 9.700000000e-001 9.700000000e-001 0.000000000e+000 0.000000000e+000 0.000000000e+000 -1.307076698e-017 1.000000000e+000 1.000000000e+000 1.545807643e-003 
d 0.000000000e+000 0.000000000e+000 -1.584297459e-003 9.800000000e-001 9.800000000e-001 0.000000000e+000 0.000000000e+000 0.000000000e+000 -1.308062378e-017 1.000000000e+000 1.000000000e+000 1.584297416e-003 
d 0.000000000e+000 0.000000000e+000 -1.622907743e-003 9.900000000e-001 9.900000000e-001 0.000000000e+000 0.000000000e+000 0.000000000e+000 -1.305131692e-017 1.000000000e+000 1.000000000e+000 1.622907702e-003 
d 0.000000000e+000 0.000000000e+000 -1.661632481e-003 1.000000000e+000 1.000000000e+000 0.000000000e+000 0.000000000e+000 0.000000000e+000 -1.313449826e-017 1.000000000e+000 1.000000000e+000 1.661632443e-003 
