v ATLAS
# This file was created by ATLAS version 5.28.1.R on Tue Mar 31 16:55:22 2026.
#SSF 2.0 generic
##############################################################################
#                    Copyright (c) 1984 - 2019                               #
#                    Silvaco Inc. All rights reserved                        #
#                                                                            #
# This file format and the following Key are copyright Silvaco Inc.          #
# You may not use, this format or key without reproducing this message in    #
# full and obtaining express written permission from Silvaco Inc.            #
#                                                                            #
# To obtain such permission please contact: Silvaco Inc.                     #
#                                           support@silvaco.com              #
#                                                                            #
# KEY=SVC86hn7562asdx                       PROD=345                         #
##############################################################################
y 1 15
z 300
f 4 "Source" "Gate" "Bulk" "Drain" 
p 12 2 601 20 3 602 21 4 603 22 5 604 23 
d 0.000000000e+000 0.000000000e+000 -4.094189378e-005 7.500000000e-001 7.500000000e-001 0.000000000e+000 0.000000000e+000 0.000000000e+000 -4.813415418e-019 1.000000000e-002 1.000000000e-002 4.094188691e-005 
d 0.000000000e+000 0.000000000e+000 -1.534034054e-004 7.500000000e-001 7.500000000e-001 0.000000000e+000 0.000000000e+000 0.000000000e+000 -1.395005982e-018 4.000000000e-002 4.000000000e-002 1.534033767e-004 
d 0.000000000e+000 0.000000000e+000 -2.471582659e-004 7.500000000e-001 7.500000000e-001 0.000000000e+000 0.000000000e+000 0.000000000e+000 -2.120638648e-018 7.000000000e-002 7.000000000e-002 2.471583497e-004 
d 0.000000000e+000 0.000000000e+000 -3.193494709e-004 7.500000000e-001 7.500000000e-001 0.000000000e+000 0.000000000e+000 0.000000000e+000 -2.708773034e-018 1.000000000e-001 1.000000000e-001 3.193495436e-004 
d 0.000000000e+000 0.000000000e+000 -3.704880241e-004 7.500000000e-001 7.500000000e-001 0.000000000e+000 0.000000000e+000 0.000000000e+000 -2.898069916e-018 1.300000000e-001 1.300000000e-001 3.704880679e-004 
d 0.000000000e+000 0.000000000e+000 -4.052034356e-004 7.500000000e-001 7.500000000e-001 0.000000000e+000 0.000000000e+000 0.000000000e+000 -3.377210809e-018 1.600000000e-001 1.600000000e-001 4.052034291e-004 
d 0.000000000e+000 0.000000000e+000 -4.297043186e-004 7.500000000e-001 7.500000000e-001 0.000000000e+000 0.000000000e+000 0.000000000e+000 -3.672590399e-018 1.900000000e-001 1.900000000e-001 4.297042688e-004 
d 0.000000000e+000 0.000000000e+000 -4.487450490e-004 7.500000000e-001 7.500000000e-001 0.000000000e+000 0.000000000e+000 0.000000000e+000 -4.115811734e-018 2.200000000e-001 2.200000000e-001 4.487450086e-004 
d 0.000000000e+000 0.000000000e+000 -4.649703879e-004 7.500000000e-001 7.500000000e-001 0.000000000e+000 0.000000000e+000 0.000000000e+000 -4.634486042e-018 2.500000000e-001 2.500000000e-001 4.649703710e-004 
d 0.000000000e+000 0.000000000e+000 -4.796577470e-004 7.500000000e-001 7.500000000e-001 0.000000000e+000 0.000000000e+000 0.000000000e+000 -5.054839191e-018 2.800000000e-001 2.800000000e-001 4.796577598e-004 
d 0.000000000e+000 0.000000000e+000 -4.934131308e-004 7.500000000e-001 7.500000000e-001 0.000000000e+000 0.000000000e+000 0.000000000e+000 -5.742695339e-018 3.100000000e-001 3.100000000e-001 4.934131483e-004 
d 0.000000000e+000 0.000000000e+000 -5.065339856e-004 7.500000000e-001 7.500000000e-001 0.000000000e+000 0.000000000e+000 0.000000000e+000 -6.002619767e-018 3.400000000e-001 3.400000000e-001 5.065340212e-004 
d 0.000000000e+000 0.000000000e+000 -5.191870629e-004 7.500000000e-001 7.500000000e-001 0.000000000e+000 0.000000000e+000 0.000000000e+000 -6.509142789e-018 3.700000000e-001 3.700000000e-001 5.191870982e-004 
d 0.000000000e+000 0.000000000e+000 -5.314690789e-004 7.500000000e-001 7.500000000e-001 0.000000000e+000 0.000000000e+000 0.000000000e+000 -6.793643366e-018 4.000000000e-001 4.000000000e-001 5.314690934e-004 
d 0.000000000e+000 0.000000000e+000 -5.434451163e-004 7.500000000e-001 7.500000000e-001 0.000000000e+000 0.000000000e+000 0.000000000e+000 -6.934956286e-018 4.300000000e-001 4.300000000e-001 5.434451050e-004 
d 0.000000000e+000 0.000000000e+000 -5.551670953e-004 7.500000000e-001 7.500000000e-001 0.000000000e+000 0.000000000e+000 0.000000000e+000 -7.087691154e-018 4.600000000e-001 4.600000000e-001 5.551670450e-004 
d 0.000000000e+000 0.000000000e+000 -5.666755789e-004 7.500000000e-001 7.500000000e-001 0.000000000e+000 0.000000000e+000 0.000000000e+000 -7.211869937e-018 4.900000000e-001 4.900000000e-001 5.666755189e-004 
d 0.000000000e+000 0.000000000e+000 -5.779936204e-004 7.500000000e-001 7.500000000e-001 0.000000000e+000 0.000000000e+000 0.000000000e+000 -7.369907552e-018 5.200000000e-001 5.200000000e-001 5.779935447e-004 
d 0.000000000e+000 0.000000000e+000 -5.891482301e-004 7.500000000e-001 7.500000000e-001 0.000000000e+000 0.000000000e+000 0.000000000e+000 -7.535287900e-018 5.500000000e-001 5.500000000e-001 5.891481825e-004 
d 0.000000000e+000 0.000000000e+000 -6.001551748e-004 7.500000000e-001 7.500000000e-001 0.000000000e+000 0.000000000e+000 0.000000000e+000 -7.752884430e-018 5.800000000e-001 5.800000000e-001 6.001551206e-004 
d 0.000000000e+000 0.000000000e+000 -6.110338663e-004 7.500000000e-001 7.500000000e-001 0.000000000e+000 0.000000000e+000 0.000000000e+000 -8.006991460e-018 6.100000000e-001 6.100000000e-001 6.110338102e-004 
d 0.000000000e+000 0.000000000e+000 -6.217995360e-004 7.500000000e-001 7.500000000e-001 0.000000000e+000 0.000000000e+000 0.000000000e+000 -8.233052457e-018 6.400000000e-001 6.400000000e-001 6.217994780e-004 
d 0.000000000e+000 0.000000000e+000 -6.324645982e-004 7.500000000e-001 7.500000000e-001 0.000000000e+000 0.000000000e+000 0.000000000e+000 -8.486547361e-018 6.700000000e-001 6.700000000e-001 6.324645401e-004 
d 0.000000000e+000 0.000000000e+000 -6.430414418e-004 7.500000000e-001 7.500000000e-001 0.000000000e+000 0.000000000e+000 0.000000000e+000 -8.917904273e-018 7.000000000e-001 7.000000000e-001 6.430413814e-004 
d 0.000000000e+000 0.000000000e+000 -6.535388286e-004 7.500000000e-001 7.500000000e-001 0.000000000e+000 0.000000000e+000 0.000000000e+000 -9.466238186e-018 7.300000000e-001 7.300000000e-001 6.535387699e-004 
d 0.000000000e+000 0.000000000e+000 -6.639658035e-004 7.500000000e-001 7.500000000e-001 0.000000000e+000 0.000000000e+000 0.000000000e+000 -9.996011038e-018 7.600000000e-001 7.600000000e-001 6.639657445e-004 
d 0.000000000e+000 0.000000000e+000 -6.743315357e-004 7.500000000e-001 7.500000000e-001 0.000000000e+000 0.000000000e+000 0.000000000e+000 -1.041553837e-017 7.900000000e-001 7.900000000e-001 6.743314769e-004 
d 0.000000000e+000 0.000000000e+000 -6.846452416e-004 7.500000000e-001 7.500000000e-001 0.000000000e+000 0.000000000e+000 0.000000000e+000 -1.092369125e-017 8.200000000e-001 8.200000000e-001 6.846452116e-004 
d 0.000000000e+000 0.000000000e+000 -6.949136349e-004 7.500000000e-001 7.500000000e-001 0.000000000e+000 0.000000000e+000 0.000000000e+000 -1.131415399e-017 8.500000000e-001 8.500000000e-001 6.949136039e-004 
d 0.000000000e+000 0.000000000e+000 -7.051454727e-004 7.500000000e-001 7.500000000e-001 0.000000000e+000 0.000000000e+000 0.000000000e+000 -1.165229917e-017 8.800000000e-001 8.800000000e-001 7.051454424e-004 
d 0.000000000e+000 0.000000000e+000 -7.153494809e-004 7.500000000e-001 7.500000000e-001 0.000000000e+000 0.000000000e+000 0.000000000e+000 -1.196168548e-017 9.100000000e-001 9.100000000e-001 7.153494488e-004 
d 0.000000000e+000 0.000000000e+000 -7.255331694e-004 7.500000000e-001 7.500000000e-001 0.000000000e+000 0.000000000e+000 0.000000000e+000 -1.211003835e-017 9.400000000e-001 9.400000000e-001 7.255331358e-004 
d 0.000000000e+000 0.000000000e+000 -7.357025213e-004 7.500000000e-001 7.500000000e-001 0.000000000e+000 0.000000000e+000 0.000000000e+000 -1.245277589e-017 9.700000000e-001 9.700000000e-001 7.357024869e-004 
d 0.000000000e+000 0.000000000e+000 -7.458626891e-004 7.500000000e-001 7.500000000e-001 0.000000000e+000 0.000000000e+000 0.000000000e+000 -1.269097980e-017 1.000000000e+000 1.000000000e+000 7.458626730e-004 
