v ATLAS
# This file was created by ATLAS version 5.28.1.R on Tue Mar 31 16:58:06 2026.
#SSF 2.0 generic
##############################################################################
#                    Copyright (c) 1984 - 2019                               #
#                    Silvaco Inc. All rights reserved                        #
#                                                                            #
# This file format and the following Key are copyright Silvaco Inc.          #
# You may not use, this format or key without reproducing this message in    #
# full and obtaining express written permission from Silvaco Inc.            #
#                                                                            #
# To obtain such permission please contact: Silvaco Inc.                     #
#                                           support@silvaco.com              #
#                                                                            #
# KEY=SVC86hn7562asdx                       PROD=345                         #
##############################################################################
y 1 15
z 300
f 4 "Source" "Gate" "Bulk" "Drain" 
p 12 2 601 20 3 602 21 4 603 22 5 604 23 
d 0.000000000e+000 0.000000000e+000 -9.107604774e-011 0.000000000e+000 0.000000000e+000 0.000000000e+000 0.000000000e+000 0.000000000e+000 -2.597597114e-018 1.000000000e-001 1.000000000e-001 9.107598164e-011 
d 0.000000000e+000 0.000000000e+000 -1.091895641e-010 1.000000000e-002 1.000000000e-002 0.000000000e+000 0.000000000e+000 0.000000000e+000 -2.545584821e-018 1.000000000e-001 1.000000000e-001 1.091895634e-010 
d 0.000000000e+000 0.000000000e+000 -1.312273560e-010 2.000000000e-002 2.000000000e-002 0.000000000e+000 0.000000000e+000 0.000000000e+000 -2.567307754e-018 1.000000000e-001 1.000000000e-001 1.312273087e-010 
d 0.000000000e+000 0.000000000e+000 -1.581099807e-010 3.000000000e-002 3.000000000e-002 0.000000000e+000 0.000000000e+000 0.000000000e+000 -2.559251038e-018 1.000000000e-001 1.000000000e-001 1.581099174e-010 
d 0.000000000e+000 0.000000000e+000 -1.909933922e-010 4.000000000e-002 4.000000000e-002 0.000000000e+000 0.000000000e+000 0.000000000e+000 -2.533040975e-018 1.000000000e-001 1.000000000e-001 1.909934615e-010 
d 0.000000000e+000 0.000000000e+000 -2.313379909e-010 5.000000000e-002 5.000000000e-002 0.000000000e+000 0.000000000e+000 0.000000000e+000 -2.577914524e-018 1.000000000e-001 1.000000000e-001 2.313380339e-010 
d 0.000000000e+000 0.000000000e+000 -2.807556663e-010 6.000000000e-002 6.000000000e-002 0.000000000e+000 0.000000000e+000 0.000000000e+000 -2.544463520e-018 1.000000000e-001 1.000000000e-001 2.807555810e-010 
d 0.000000000e+000 0.000000000e+000 -3.416298810e-010 7.000000000e-002 7.000000000e-002 0.000000000e+000 0.000000000e+000 0.000000000e+000 -2.550378763e-018 1.000000000e-001 1.000000000e-001 3.416299217e-010 
d 0.000000000e+000 0.000000000e+000 -4.167862154e-010 8.000000000e-002 8.000000000e-002 0.000000000e+000 0.000000000e+000 0.000000000e+000 -2.558129737e-018 1.000000000e-001 1.000000000e-001 4.167862668e-010 
d 0.000000000e+000 0.000000000e+000 -5.098875292e-010 9.000000000e-002 9.000000000e-002 0.000000000e+000 0.000000000e+000 0.000000000e+000 -2.567512473e-018 1.000000000e-001 1.000000000e-001 5.098875008e-010 
d 0.000000000e+000 0.000000000e+000 -6.254960346e-010 1.000000000e-001 1.000000000e-001 0.000000000e+000 0.000000000e+000 0.000000000e+000 -2.563943103e-018 1.000000000e-001 1.000000000e-001 6.254960888e-010 
d 0.000000000e+000 0.000000000e+000 -7.694462049e-010 1.100000000e-001 1.100000000e-001 0.000000000e+000 0.000000000e+000 0.000000000e+000 -2.554560581e-018 1.000000000e-001 1.000000000e-001 7.694462680e-010 
d 0.000000000e+000 0.000000000e+000 -9.492049566e-010 1.200000000e-001 1.200000000e-001 0.000000000e+000 0.000000000e+000 0.000000000e+000 -2.531002132e-018 1.000000000e-001 1.000000000e-001 9.492049329e-010 
d 0.000000000e+000 0.000000000e+000 -1.174007168e-009 1.300000000e-001 1.300000000e-001 0.000000000e+000 0.000000000e+000 0.000000000e+000 -2.507749638e-018 1.000000000e-001 1.000000000e-001 1.174007230e-009 
d 0.000000000e+000 0.000000000e+000 -1.455392321e-009 1.400000000e-001 1.400000000e-001 0.000000000e+000 0.000000000e+000 0.000000000e+000 -2.497857192e-018 1.000000000e-001 1.000000000e-001 1.455392364e-009 
d 0.000000000e+000 0.000000000e+000 -1.809134425e-009 1.500000000e-001 1.500000000e-001 0.000000000e+000 0.000000000e+000 0.000000000e+000 -2.528860771e-018 1.000000000e-001 1.000000000e-001 1.809134461e-009 
d 0.000000000e+000 0.000000000e+000 -2.254961369e-009 1.600000000e-001 1.600000000e-001 0.000000000e+000 0.000000000e+000 0.000000000e+000 -2.537733583e-018 1.000000000e-001 1.000000000e-001 2.254961354e-009 
d 0.000000000e+000 0.000000000e+000 -2.817891632e-009 1.700000000e-001 1.700000000e-001 0.000000000e+000 0.000000000e+000 0.000000000e+000 -2.534062230e-018 1.000000000e-001 1.000000000e-001 2.817891599e-009 
d 0.000000000e+000 0.000000000e+000 -3.528998955e-009 1.800000000e-001 1.800000000e-001 0.000000000e+000 0.000000000e+000 0.000000000e+000 -2.543037030e-018 1.000000000e-001 1.000000000e-001 3.528998860e-009 
d 0.000000000e+000 0.000000000e+000 -4.427271533e-009 1.900000000e-001 1.900000000e-001 0.000000000e+000 0.000000000e+000 0.000000000e+000 -2.607287753e-018 1.000000000e-001 1.000000000e-001 4.427271550e-009 
d 0.000000000e+000 0.000000000e+000 -5.566436624e-009 2.000000000e-001 2.000000000e-001 0.000000000e+000 0.000000000e+000 0.000000000e+000 -2.583729309e-018 1.000000000e-001 1.000000000e-001 5.566436591e-009 
d 0.000000000e+000 0.000000000e+000 -7.014178592e-009 2.100000000e-001 2.100000000e-001 0.000000000e+000 0.000000000e+000 0.000000000e+000 -2.601270860e-018 1.000000000e-001 1.000000000e-001 7.014178589e-009 
d 0.000000000e+000 0.000000000e+000 -8.859297367e-009 2.200000000e-001 2.200000000e-001 0.000000000e+000 0.000000000e+000 0.000000000e+000 -2.547116891e-018 1.000000000e-001 1.000000000e-001 8.859297234e-009 
d 0.000000000e+000 0.000000000e+000 -1.121421222e-008 2.300000000e-001 2.300000000e-001 0.000000000e+000 0.000000000e+000 0.000000000e+000 -2.617996654e-018 1.000000000e-001 1.000000000e-001 1.121421207e-008 
d 0.000000000e+000 0.000000000e+000 -1.422375281e-008 2.400000000e-001 2.400000000e-001 0.000000000e+000 0.000000000e+000 0.000000000e+000 -2.580874202e-018 1.000000000e-001 1.000000000e-001 1.422375265e-008 
d 0.000000000e+000 0.000000000e+000 -1.807587008e-008 2.500000000e-001 2.500000000e-001 0.000000000e+000 0.000000000e+000 0.000000000e+000 -2.545485502e-018 1.000000000e-001 1.000000000e-001 1.807586965e-008 
d 0.000000000e+000 0.000000000e+000 -2.301484762e-008 2.600000000e-001 2.600000000e-001 0.000000000e+000 0.000000000e+000 0.000000000e+000 -2.536306978e-018 1.000000000e-001 1.000000000e-001 2.301484686e-008 
d 0.000000000e+000 0.000000000e+000 -2.936018198e-008 2.700000000e-001 2.700000000e-001 0.000000000e+000 0.000000000e+000 0.000000000e+000 -2.570778083e-018 1.000000000e-001 1.000000000e-001 2.936018070e-008 
d 0.000000000e+000 0.000000000e+000 -3.752273487e-008 2.800000000e-001 2.800000000e-001 0.000000000e+000 0.000000000e+000 0.000000000e+000 -2.586993865e-018 1.000000000e-001 1.000000000e-001 3.752273290e-008 
d 0.000000000e+000 0.000000000e+000 -4.803497818e-008 2.900000000e-001 2.900000000e-001 0.000000000e+000 0.000000000e+000 0.000000000e+000 -2.584546388e-018 1.000000000e-001 1.000000000e-001 4.803497489e-008 
d 0.000000000e+000 0.000000000e+000 -6.158752312e-008 3.000000000e-001 3.000000000e-001 0.000000000e+000 0.000000000e+000 0.000000000e+000 -2.576693717e-018 1.000000000e-001 1.000000000e-001 6.158751783e-008 
d 0.000000000e+000 0.000000000e+000 -7.907357289e-008 3.100000000e-001 3.100000000e-001 0.000000000e+000 0.000000000e+000 0.000000000e+000 -2.569452978e-018 1.000000000e-001 1.000000000e-001 7.907356396e-008 
d 0.000000000e+000 0.000000000e+000 -1.016707337e-007 3.200000000e-001 3.200000000e-001 0.000000000e+000 0.000000000e+000 0.000000000e+000 -2.563538074e-018 1.000000000e-001 1.000000000e-001 1.016707188e-007 
d 0.000000000e+000 0.000000000e+000 -1.308969285e-007 3.300000000e-001 3.300000000e-001 0.000000000e+000 0.000000000e+000 0.000000000e+000 -2.578632135e-018 1.000000000e-001 1.000000000e-001 1.308969037e-007 
d 0.000000000e+000 0.000000000e+000 -1.687287516e-007 3.400000000e-001 3.400000000e-001 0.000000000e+000 0.000000000e+000 0.000000000e+000 -2.606678351e-018 1.000000000e-001 1.000000000e-001 1.687287100e-007 
d 0.000000000e+000 0.000000000e+000 -2.177284737e-007 3.500000000e-001 3.500000000e-001 0.000000000e+000 0.000000000e+000 0.000000000e+000 -2.571085928e-018 1.000000000e-001 1.000000000e-001 2.177284038e-007 
d 0.000000000e+000 0.000000000e+000 -2.812181124e-007 3.600000000e-001 3.600000000e-001 0.000000000e+000 0.000000000e+000 0.000000000e+000 -2.569760575e-018 1.000000000e-001 1.000000000e-001 2.812179955e-007 
d 0.000000000e+000 0.000000000e+000 -3.634895009e-007 3.700000000e-001 3.700000000e-001 0.000000000e+000 0.000000000e+000 0.000000000e+000 -2.556809025e-018 1.000000000e-001 1.000000000e-001 3.634893049e-007 
d 0.000000000e+000 0.000000000e+000 -4.701506964e-007 3.800000000e-001 3.800000000e-001 0.000000000e+000 0.000000000e+000 0.000000000e+000 -2.581184150e-018 1.000000000e-001 1.000000000e-001 4.701506963e-007 
d 0.000000000e+000 0.000000000e+000 -6.084231099e-007 3.900000000e-001 3.900000000e-001 0.000000000e+000 0.000000000e+000 0.000000000e+000 -2.588629924e-018 1.000000000e-001 1.000000000e-001 6.084231099e-007 
d 0.000000000e+000 0.000000000e+000 -7.876268068e-007 4.000000000e-001 4.000000000e-001 0.000000000e+000 0.000000000e+000 0.000000000e+000 -2.570885600e-018 1.000000000e-001 1.000000000e-001 7.876268067e-007 
d 0.000000000e+000 0.000000000e+000 -1.019754479e-006 4.100000000e-001 4.100000000e-001 0.000000000e+000 0.000000000e+000 0.000000000e+000 -2.599340814e-018 1.000000000e-001 1.000000000e-001 1.019754479e-006 
d 0.000000000e+000 0.000000000e+000 -1.320077761e-006 4.200000000e-001 4.200000000e-001 0.000000000e+000 0.000000000e+000 0.000000000e+000 -2.562016010e-018 1.000000000e-001 1.000000000e-001 1.320077761e-006 
d 0.000000000e+000 0.000000000e+000 -1.708169742e-006 4.300000000e-001 4.300000000e-001 0.000000000e+000 0.000000000e+000 0.000000000e+000 -2.539173567e-018 1.000000000e-001 1.000000000e-001 1.708169741e-006 
d 0.000000000e+000 0.000000000e+000 -2.208768431e-006 4.400000000e-001 4.400000000e-001 0.000000000e+000 0.000000000e+000 0.000000000e+000 -2.532547365e-018 1.000000000e-001 1.000000000e-001 2.208768429e-006 
d 0.000000000e+000 0.000000000e+000 -2.852969012e-006 4.500000000e-001 4.500000000e-001 0.000000000e+000 0.000000000e+000 0.000000000e+000 -2.608325900e-018 1.000000000e-001 1.000000000e-001 2.852969006e-006 
d 0.000000000e+000 0.000000000e+000 -3.679532285e-006 4.600000000e-001 4.600000000e-001 0.000000000e+000 0.000000000e+000 0.000000000e+000 -2.570799979e-018 1.000000000e-001 1.000000000e-001 3.679532270e-006 
d 0.000000000e+000 0.000000000e+000 -4.736101415e-006 4.700000000e-001 4.700000000e-001 0.000000000e+000 0.000000000e+000 0.000000000e+000 -2.548777037e-018 1.000000000e-001 1.000000000e-001 4.736101379e-006 
d 0.000000000e+000 0.000000000e+000 -6.080361777e-006 4.800000000e-001 4.800000000e-001 0.000000000e+000 0.000000000e+000 0.000000000e+000 -2.614870771e-018 1.000000000e-001 1.000000000e-001 6.080361695e-006 
d 0.000000000e+000 0.000000000e+000 -7.780991861e-006 4.900000000e-001 4.900000000e-001 0.000000000e+000 0.000000000e+000 0.000000000e+000 -2.512283074e-018 1.000000000e-001 1.000000000e-001 7.780991673e-006 
d 0.000000000e+000 0.000000000e+000 -9.917797027e-006 5.000000000e-001 5.000000000e-001 0.000000000e+000 0.000000000e+000 0.000000000e+000 -2.608160717e-018 1.000000000e-001 1.000000000e-001 9.917796612e-006 
d 0.000000000e+000 0.000000000e+000 -1.258111201e-005 5.100000000e-001 5.100000000e-001 0.000000000e+000 0.000000000e+000 0.000000000e+000 -2.571256579e-018 1.000000000e-001 1.000000000e-001 1.258111109e-005 
d 0.000000000e+000 0.000000000e+000 -1.586995216e-005 5.200000000e-001 5.200000000e-001 0.000000000e+000 0.000000000e+000 0.000000000e+000 -2.603399681e-018 1.000000000e-001 1.000000000e-001 1.586995020e-005 
d 0.000000000e+000 0.000000000e+000 -1.988789920e-005 5.300000000e-001 5.300000000e-001 0.000000000e+000 0.000000000e+000 0.000000000e+000 -2.524994795e-018 1.000000000e-001 1.000000000e-001 1.988789946e-005 
d 0.000000000e+000 0.000000000e+000 -2.473960749e-005 5.400000000e-001 5.400000000e-001 0.000000000e+000 0.000000000e+000 0.000000000e+000 -2.599367962e-018 1.000000000e-001 1.000000000e-001 2.473960804e-005 
d 0.000000000e+000 0.000000000e+000 -3.052276637e-005 5.500000000e-001 5.500000000e-001 0.000000000e+000 0.000000000e+000 0.000000000e+000 -2.608781468e-018 1.000000000e-001 1.000000000e-001 3.052276742e-005 
d 0.000000000e+000 0.000000000e+000 -3.732233516e-005 5.600000000e-001 5.600000000e-001 0.000000000e+000 0.000000000e+000 0.000000000e+000 -2.555071425e-018 1.000000000e-001 1.000000000e-001 3.732233708e-005 
d 0.000000000e+000 0.000000000e+000 -4.520388662e-005 5.700000000e-001 5.700000000e-001 0.000000000e+000 0.000000000e+000 0.000000000e+000 -2.535939813e-018 1.000000000e-001 1.000000000e-001 4.520388987e-005 
d 0.000000000e+000 0.000000000e+000 -5.420834279e-005 5.800000000e-001 5.800000000e-001 0.000000000e+000 0.000000000e+000 0.000000000e+000 -2.551998650e-018 1.000000000e-001 1.000000000e-001 5.420834789e-005 
d 0.000000000e+000 0.000000000e+000 -6.434775248e-005 5.900000000e-001 5.900000000e-001 0.000000000e+000 0.000000000e+000 0.000000000e+000 -2.609876908e-018 1.000000000e-001 1.000000000e-001 6.434775980e-005 
d 0.000000000e+000 0.000000000e+000 -7.560842590e-005 6.000000000e-001 6.000000000e-001 0.000000000e+000 0.000000000e+000 0.000000000e+000 -2.586682335e-018 1.000000000e-001 1.000000000e-001 7.560843574e-005 
d 0.000000000e+000 0.000000000e+000 -8.794932863e-005 6.100000000e-001 6.100000000e-001 0.000000000e+000 0.000000000e+000 0.000000000e+000 -2.625193710e-018 1.000000000e-001 1.000000000e-001 8.794934109e-005 
d 0.000000000e+000 0.000000000e+000 -1.013058839e-004 6.200000000e-001 6.200000000e-001 0.000000000e+000 0.000000000e+000 0.000000000e+000 -2.575900400e-018 1.000000000e-001 1.000000000e-001 1.013058988e-004 
d 0.000000000e+000 0.000000000e+000 -1.155943499e-004 6.300000000e-001 6.300000000e-001 0.000000000e+000 0.000000000e+000 0.000000000e+000 -2.565569311e-018 1.000000000e-001 1.000000000e-001 1.155943678e-004 
d 0.000000000e+000 0.000000000e+000 -1.307160393e-004 6.400000000e-001 6.400000000e-001 0.000000000e+000 0.000000000e+000 0.000000000e+000 -2.597157378e-018 1.000000000e-001 1.000000000e-001 1.307160638e-004 
d 0.000000000e+000 0.000000000e+000 -1.465615115e-004 6.500000000e-001 6.500000000e-001 0.000000000e+000 0.000000000e+000 0.000000000e+000 -2.575817794e-018 1.000000000e-001 1.000000000e-001 1.465615455e-004 
d 0.000000000e+000 0.000000000e+000 -1.630140804e-004 6.600000000e-001 6.600000000e-001 0.000000000e+000 0.000000000e+000 0.000000000e+000 -2.504609433e-018 1.000000000e-001 1.000000000e-001 1.630141289e-004 
d 0.000000000e+000 0.000000000e+000 -1.799537072e-004 6.700000000e-001 6.700000000e-001 0.000000000e+000 0.000000000e+000 0.000000000e+000 -2.566186938e-018 1.000000000e-001 1.000000000e-001 1.799537855e-004 
d 0.000000000e+000 0.000000000e+000 -1.972542660e-004 6.800000000e-001 6.800000000e-001 0.000000000e+000 0.000000000e+000 0.000000000e+000 -2.602982674e-018 1.000000000e-001 1.000000000e-001 1.972542989e-004 
d 0.000000000e+000 0.000000000e+000 -2.148042693e-004 6.900000000e-001 6.900000000e-001 0.000000000e+000 0.000000000e+000 0.000000000e+000 -2.580423119e-018 1.000000000e-001 1.000000000e-001 2.148043096e-004 
d 0.000000000e+000 0.000000000e+000 -2.324843720e-004 7.000000000e-001 7.000000000e-001 0.000000000e+000 0.000000000e+000 0.000000000e+000 -2.601206700e-018 1.000000000e-001 1.000000000e-001 2.324843650e-004 
d 0.000000000e+000 0.000000000e+000 -2.501851728e-004 7.100000000e-001 7.100000000e-001 0.000000000e+000 0.000000000e+000 0.000000000e+000 -2.620765427e-018 1.000000000e-001 1.000000000e-001 2.501851582e-004 
d 0.000000000e+000 0.000000000e+000 -2.678058329e-004 7.200000000e-001 7.200000000e-001 0.000000000e+000 0.000000000e+000 0.000000000e+000 -2.566485482e-018 1.000000000e-001 1.000000000e-001 2.678058078e-004 
d 0.000000000e+000 0.000000000e+000 -2.852561993e-004 7.300000000e-001 7.300000000e-001 0.000000000e+000 0.000000000e+000 0.000000000e+000 -2.576556309e-018 1.000000000e-001 1.000000000e-001 2.852561603e-004 
d 0.000000000e+000 0.000000000e+000 -3.024573175e-004 7.400000000e-001 7.400000000e-001 0.000000000e+000 0.000000000e+000 0.000000000e+000 -2.545015102e-018 1.000000000e-001 1.000000000e-001 3.024572612e-004 
d 0.000000000e+000 0.000000000e+000 -3.193425964e-004 7.500000000e-001 7.500000000e-001 0.000000000e+000 0.000000000e+000 0.000000000e+000 -2.539171799e-018 1.000000000e-001 1.000000000e-001 3.193425196e-004 
d 0.000000000e+000 0.000000000e+000 -3.358584327e-004 7.600000000e-001 7.600000000e-001 0.000000000e+000 0.000000000e+000 0.000000000e+000 -2.664682804e-018 1.000000000e-001 1.000000000e-001 3.358583326e-004 
d 0.000000000e+000 0.000000000e+000 -3.519694764e-004 7.700000000e-001 7.700000000e-001 0.000000000e+000 0.000000000e+000 0.000000000e+000 -2.669236911e-018 1.000000000e-001 1.000000000e-001 3.519694112e-004 
d 0.000000000e+000 0.000000000e+000 -3.676348681e-004 7.800000000e-001 7.800000000e-001 0.000000000e+000 0.000000000e+000 0.000000000e+000 -2.674910196e-018 1.000000000e-001 1.000000000e-001 3.676347918e-004 
d 0.000000000e+000 0.000000000e+000 -3.828404717e-004 7.900000000e-001 7.900000000e-001 0.000000000e+000 0.000000000e+000 0.000000000e+000 -2.691901188e-018 1.000000000e-001 1.000000000e-001 3.828403847e-004 
d 0.000000000e+000 0.000000000e+000 -3.975752269e-004 8.000000000e-001 8.000000000e-001 0.000000000e+000 0.000000000e+000 0.000000000e+000 -2.710929273e-018 1.000000000e-001 1.000000000e-001 3.975751307e-004 
d 0.000000000e+000 0.000000000e+000 -4.118368635e-004 8.100000000e-001 8.100000000e-001 0.000000000e+000 0.000000000e+000 0.000000000e+000 -2.638372199e-018 1.000000000e-001 1.000000000e-001 4.118367590e-004 
d 0.000000000e+000 0.000000000e+000 -4.256291837e-004 8.200000000e-001 8.200000000e-001 0.000000000e+000 0.000000000e+000 0.000000000e+000 -2.671877164e-018 1.000000000e-001 1.000000000e-001 4.256291719e-004 
d 0.000000000e+000 0.000000000e+000 -4.389580537e-004 8.300000000e-001 8.300000000e-001 0.000000000e+000 0.000000000e+000 0.000000000e+000 -2.708133362e-018 1.000000000e-001 1.000000000e-001 4.389580439e-004 
d 0.000000000e+000 0.000000000e+000 -4.518354733e-004 8.400000000e-001 8.400000000e-001 0.000000000e+000 0.000000000e+000 0.000000000e+000 -2.669530240e-018 1.000000000e-001 1.000000000e-001 4.518354659e-004 
d 0.000000000e+000 0.000000000e+000 -4.642752077e-004 8.500000000e-001 8.500000000e-001 0.000000000e+000 0.000000000e+000 0.000000000e+000 -2.671209080e-018 1.000000000e-001 1.000000000e-001 4.642752028e-004 
d 0.000000000e+000 0.000000000e+000 -4.762925751e-004 8.600000000e-001 8.600000000e-001 0.000000000e+000 0.000000000e+000 0.000000000e+000 -2.603026090e-018 1.000000000e-001 1.000000000e-001 4.762925730e-004 
d 0.000000000e+000 0.000000000e+000 -4.879039108e-004 8.700000000e-001 8.700000000e-001 0.000000000e+000 0.000000000e+000 0.000000000e+000 -2.664872168e-018 1.000000000e-001 1.000000000e-001 4.879039116e-004 
d 0.000000000e+000 0.000000000e+000 -4.991260844e-004 8.800000000e-001 8.800000000e-001 0.000000000e+000 0.000000000e+000 0.000000000e+000 -2.661853902e-018 1.000000000e-001 1.000000000e-001 4.991260881e-004 
d 0.000000000e+000 0.000000000e+000 -5.099761266e-004 8.900000000e-001 8.900000000e-001 0.000000000e+000 0.000000000e+000 0.000000000e+000 -2.654754514e-018 1.000000000e-001 1.000000000e-001 5.099761330e-004 
d 0.000000000e+000 0.000000000e+000 -5.204709714e-004 9.000000000e-001 9.000000000e-001 0.000000000e+000 0.000000000e+000 0.000000000e+000 -2.678860944e-018 1.000000000e-001 1.000000000e-001 5.204709806e-004 
d 0.000000000e+000 0.000000000e+000 -5.306281039e-004 9.100000000e-001 9.100000000e-001 0.000000000e+000 0.000000000e+000 0.000000000e+000 -2.647689935e-018 1.000000000e-001 1.000000000e-001 5.306279898e-004 
d 0.000000000e+000 0.000000000e+000 -5.404626671e-004 9.200000000e-001 9.200000000e-001 0.000000000e+000 0.000000000e+000 0.000000000e+000 -2.696983725e-018 1.000000000e-001 1.000000000e-001 5.404625548e-004 
d 0.000000000e+000 0.000000000e+000 -5.499804257e-004 9.300000000e-001 9.300000000e-001 0.000000000e+000 0.000000000e+000 0.000000000e+000 -2.672132961e-018 1.000000000e-001 1.000000000e-001 5.499803243e-004 
d 0.000000000e+000 0.000000000e+000 -5.592051524e-004 9.400000000e-001 9.400000000e-001 0.000000000e+000 0.000000000e+000 0.000000000e+000 -2.692460317e-018 1.000000000e-001 1.000000000e-001 5.592050479e-004 
d 0.000000000e+000 0.000000000e+000 -5.681512426e-004 9.500000000e-001 9.500000000e-001 0.000000000e+000 0.000000000e+000 0.000000000e+000 -2.688310046e-018 1.000000000e-001 1.000000000e-001 5.681511415e-004 
d 0.000000000e+000 0.000000000e+000 -5.768317081e-004 9.600000000e-001 9.600000000e-001 0.000000000e+000 0.000000000e+000 0.000000000e+000 -2.647953930e-018 1.000000000e-001 1.000000000e-001 5.768316109e-004 
d 0.000000000e+000 0.000000000e+000 -5.852590598e-004 9.700000000e-001 9.700000000e-001 0.000000000e+000 0.000000000e+000 0.000000000e+000 -2.703462731e-018 1.000000000e-001 1.000000000e-001 5.852589662e-004 
d 0.000000000e+000 0.000000000e+000 -5.934451836e-004 9.800000000e-001 9.800000000e-001 0.000000000e+000 0.000000000e+000 0.000000000e+000 -2.665042245e-018 1.000000000e-001 1.000000000e-001 5.934450936e-004 
d 0.000000000e+000 0.000000000e+000 -6.014013316e-004 9.900000000e-001 9.900000000e-001 0.000000000e+000 0.000000000e+000 0.000000000e+000 -2.689647589e-018 1.000000000e-001 1.000000000e-001 6.014012452e-004 
d 0.000000000e+000 0.000000000e+000 -6.091381372e-004 1.000000000e+000 1.000000000e+000 0.000000000e+000 0.000000000e+000 0.000000000e+000 -2.665095210e-018 1.000000000e-001 1.000000000e-001 6.091380541e-004 
