v ATLAS
# This file was created by ATLAS version 5.28.1.R on Tue Mar 31 16:56:22 2026.
#SSF 2.0 generic
##############################################################################
#                    Copyright (c) 1984 - 2019                               #
#                    Silvaco Inc. All rights reserved                        #
#                                                                            #
# This file format and the following Key are copyright Silvaco Inc.          #
# You may not use, this format or key without reproducing this message in    #
# full and obtaining express written permission from Silvaco Inc.            #
#                                                                            #
# To obtain such permission please contact: Silvaco Inc.                     #
#                                           support@silvaco.com              #
#                                                                            #
# KEY=SVC86hn7562asdx                       PROD=345                         #
##############################################################################
y 1 15
z 300
f 4 "Source" "Gate" "Bulk" "Drain" 
p 12 2 601 20 3 602 21 4 603 22 5 604 23 
d 0.000000000e+000 0.000000000e+000 -6.519817557e-005 1.000000000e+000 1.000000000e+000 0.000000000e+000 0.000000000e+000 0.000000000e+000 -5.003448188e-019 1.000000000e-002 1.000000000e-002 6.519815837e-005 
d 0.000000000e+000 0.000000000e+000 -2.560281314e-004 1.000000000e+000 1.000000000e+000 0.000000000e+000 0.000000000e+000 0.000000000e+000 -1.491524481e-018 4.000000000e-002 4.000000000e-002 2.560281376e-004 
d 0.000000000e+000 0.000000000e+000 -4.381011532e-004 1.000000000e+000 1.000000000e+000 0.000000000e+000 0.000000000e+000 0.000000000e+000 -2.372863470e-018 7.000000000e-002 7.000000000e-002 4.381012250e-004 
d 0.000000000e+000 0.000000000e+000 -6.091319225e-004 1.000000000e+000 1.000000000e+000 0.000000000e+000 0.000000000e+000 0.000000000e+000 -2.721085011e-018 1.000000000e-001 1.000000000e-001 6.091317763e-004 
d 0.000000000e+000 0.000000000e+000 -7.665212358e-004 1.000000000e+000 1.000000000e+000 0.000000000e+000 0.000000000e+000 0.000000000e+000 -3.186889303e-018 1.300000000e-001 1.300000000e-001 7.665212358e-004 
d 0.000000000e+000 0.000000000e+000 -9.074548000e-004 1.000000000e+000 1.000000000e+000 0.000000000e+000 0.000000000e+000 0.000000000e+000 -3.616755409e-018 1.600000000e-001 1.600000000e-001 9.074548000e-004 
d 0.000000000e+000 0.000000000e+000 -1.029119665e-003 1.000000000e+000 1.000000000e+000 0.000000000e+000 0.000000000e+000 0.000000000e+000 -3.944700313e-018 1.900000000e-001 1.900000000e-001 1.029119665e-003 
d 0.000000000e+000 0.000000000e+000 -1.129180152e-003 1.000000000e+000 1.000000000e+000 0.000000000e+000 0.000000000e+000 0.000000000e+000 -4.314973870e-018 2.200000000e-001 2.200000000e-001 1.129180152e-003 
d 0.000000000e+000 0.000000000e+000 -1.206717351e-003 1.000000000e+000 1.000000000e+000 0.000000000e+000 0.000000000e+000 0.000000000e+000 -4.812551981e-018 2.500000000e-001 2.500000000e-001 1.206717351e-003 
d 0.000000000e+000 0.000000000e+000 -1.263406897e-003 1.000000000e+000 1.000000000e+000 0.000000000e+000 0.000000000e+000 0.000000000e+000 -5.409202028e-018 2.800000000e-001 2.800000000e-001 1.263406897e-003 
d 0.000000000e+000 0.000000000e+000 -1.303854124e-003 1.000000000e+000 1.000000000e+000 0.000000000e+000 0.000000000e+000 0.000000000e+000 -5.927079448e-018 3.100000000e-001 3.100000000e-001 1.303854124e-003 
d 0.000000000e+000 0.000000000e+000 -1.333865153e-003 1.000000000e+000 1.000000000e+000 0.000000000e+000 0.000000000e+000 0.000000000e+000 -6.436060150e-018 3.400000000e-001 3.400000000e-001 1.333865153e-003 
d 0.000000000e+000 0.000000000e+000 -1.358028207e-003 1.000000000e+000 1.000000000e+000 0.000000000e+000 0.000000000e+000 0.000000000e+000 -6.815711060e-018 3.700000000e-001 3.700000000e-001 1.358028207e-003 
d 0.000000000e+000 0.000000000e+000 -1.378989834e-003 1.000000000e+000 1.000000000e+000 0.000000000e+000 0.000000000e+000 0.000000000e+000 -7.065630439e-018 4.000000000e-001 4.000000000e-001 1.378989834e-003 
d 0.000000000e+000 0.000000000e+000 -1.398066225e-003 1.000000000e+000 1.000000000e+000 0.000000000e+000 0.000000000e+000 0.000000000e+000 -7.212745386e-018 4.300000000e-001 4.300000000e-001 1.398066225e-003 
d 0.000000000e+000 0.000000000e+000 -1.415895914e-003 1.000000000e+000 1.000000000e+000 0.000000000e+000 0.000000000e+000 0.000000000e+000 -7.593506171e-018 4.600000000e-001 4.600000000e-001 1.415895914e-003 
d 0.000000000e+000 0.000000000e+000 -1.432815588e-003 1.000000000e+000 1.000000000e+000 0.000000000e+000 0.000000000e+000 0.000000000e+000 -7.640366462e-018 4.900000000e-001 4.900000000e-001 1.432815588e-003 
d 0.000000000e+000 0.000000000e+000 -1.449017468e-003 1.000000000e+000 1.000000000e+000 0.000000000e+000 0.000000000e+000 0.000000000e+000 -7.850300018e-018 5.200000000e-001 5.200000000e-001 1.449017468e-003 
d 0.000000000e+000 0.000000000e+000 -1.464629281e-003 1.000000000e+000 1.000000000e+000 0.000000000e+000 0.000000000e+000 0.000000000e+000 -7.941930178e-018 5.500000000e-001 5.500000000e-001 1.464629304e-003 
d 0.000000000e+000 0.000000000e+000 -1.479738698e-003 1.000000000e+000 1.000000000e+000 0.000000000e+000 0.000000000e+000 0.000000000e+000 -8.076903455e-018 5.800000000e-001 5.800000000e-001 1.479738686e-003 
d 0.000000000e+000 0.000000000e+000 -1.494415866e-003 1.000000000e+000 1.000000000e+000 0.000000000e+000 0.000000000e+000 0.000000000e+000 -8.307742282e-018 6.100000000e-001 6.100000000e-001 1.494415820e-003 
d 0.000000000e+000 0.000000000e+000 -1.508713308e-003 1.000000000e+000 1.000000000e+000 0.000000000e+000 0.000000000e+000 0.000000000e+000 -8.481469098e-018 6.400000000e-001 6.400000000e-001 1.508713240e-003 
d 0.000000000e+000 0.000000000e+000 -1.522673944e-003 1.000000000e+000 1.000000000e+000 0.000000000e+000 0.000000000e+000 0.000000000e+000 -8.731582486e-018 6.700000000e-001 6.700000000e-001 1.522673859e-003 
d 0.000000000e+000 0.000000000e+000 -1.536334240e-003 1.000000000e+000 1.000000000e+000 0.000000000e+000 0.000000000e+000 0.000000000e+000 -9.157008098e-018 7.000000000e-001 7.000000000e-001 1.536334143e-003 
d 0.000000000e+000 0.000000000e+000 -1.549724494e-003 1.000000000e+000 1.000000000e+000 0.000000000e+000 0.000000000e+000 0.000000000e+000 -9.699104616e-018 7.300000000e-001 7.300000000e-001 1.549724392e-003 
d 0.000000000e+000 0.000000000e+000 -1.562870407e-003 1.000000000e+000 1.000000000e+000 0.000000000e+000 0.000000000e+000 0.000000000e+000 -1.019377816e-017 7.600000000e-001 7.600000000e-001 1.562870304e-003 
d 0.000000000e+000 0.000000000e+000 -1.575795161e-003 1.000000000e+000 1.000000000e+000 0.000000000e+000 0.000000000e+000 0.000000000e+000 -1.057382070e-017 7.900000000e-001 7.900000000e-001 1.575795059e-003 
d 0.000000000e+000 0.000000000e+000 -1.588519784e-003 1.000000000e+000 1.000000000e+000 0.000000000e+000 0.000000000e+000 0.000000000e+000 -1.112193509e-017 8.200000000e-001 8.200000000e-001 1.588519682e-003 
d 0.000000000e+000 0.000000000e+000 -1.601063372e-003 1.000000000e+000 1.000000000e+000 0.000000000e+000 0.000000000e+000 0.000000000e+000 -1.159835453e-017 8.500000000e-001 8.500000000e-001 1.601063270e-003 
d 0.000000000e+000 0.000000000e+000 -1.613440554e-003 1.000000000e+000 1.000000000e+000 0.000000000e+000 0.000000000e+000 0.000000000e+000 -1.198309006e-017 8.800000000e-001 8.800000000e-001 1.613440451e-003 
d 0.000000000e+000 0.000000000e+000 -1.625673376e-003 1.000000000e+000 1.000000000e+000 0.000000000e+000 0.000000000e+000 0.000000000e+000 -1.218017387e-017 9.100000000e-001 9.100000000e-001 1.625673271e-003 
d 0.000000000e+000 0.000000000e+000 -1.637772494e-003 1.000000000e+000 1.000000000e+000 0.000000000e+000 0.000000000e+000 0.000000000e+000 -1.253686532e-017 9.400000000e-001 9.400000000e-001 1.637772384e-003 
d 0.000000000e+000 0.000000000e+000 -1.649753768e-003 1.000000000e+000 1.000000000e+000 0.000000000e+000 0.000000000e+000 0.000000000e+000 -1.281329552e-017 9.700000000e-001 9.700000000e-001 1.649753654e-003 
d 0.000000000e+000 0.000000000e+000 -1.661629621e-003 1.000000000e+000 1.000000000e+000 0.000000000e+000 0.000000000e+000 0.000000000e+000 -1.306300670e-017 1.000000000e+000 1.000000000e+000 1.661629502e-003 
