v ATLAS
# This file was created by ATLAS version 5.28.1.R on Tue Mar 31 16:54:53 2026.
#SSF 2.0 generic
##############################################################################
#                    Copyright (c) 1984 - 2019                               #
#                    Silvaco Inc. All rights reserved                        #
#                                                                            #
# This file format and the following Key are copyright Silvaco Inc.          #
# You may not use, this format or key without reproducing this message in    #
# full and obtaining express written permission from Silvaco Inc.            #
#                                                                            #
# To obtain such permission please contact: Silvaco Inc.                     #
#                                           support@silvaco.com              #
#                                                                            #
# KEY=SVC86hn7562asdx                       PROD=345                         #
##############################################################################
y 1 15
z 300
f 4 "Source" "Gate" "Bulk" "Drain" 
p 12 2 601 20 3 602 21 4 603 22 5 604 23 
d 0.000000000e+000 0.000000000e+000 -2.023472912e-006 5.000000000e-001 5.000000000e-001 0.000000000e+000 0.000000000e+000 0.000000000e+000 -4.653682736e-019 1.000000000e-002 1.000000000e-002 2.023472849e-006 
d 0.000000000e+000 0.000000000e+000 -5.955541443e-006 5.000000000e-001 5.000000000e-001 0.000000000e+000 0.000000000e+000 0.000000000e+000 -1.348831015e-018 4.000000000e-002 4.000000000e-002 5.955541421e-006 
d 0.000000000e+000 0.000000000e+000 -8.238107140e-006 5.000000000e-001 5.000000000e-001 0.000000000e+000 0.000000000e+000 0.000000000e+000 -2.002651860e-018 7.000000000e-002 7.000000000e-002 8.238107167e-006 
d 0.000000000e+000 0.000000000e+000 -9.917712024e-006 5.000000000e-001 5.000000000e-001 0.000000000e+000 0.000000000e+000 0.000000000e+000 -2.579196948e-018 1.000000000e-001 1.000000000e-001 9.917712165e-006 
d 0.000000000e+000 0.000000000e+000 -1.142399931e-005 5.000000000e-001 5.000000000e-001 0.000000000e+000 0.000000000e+000 0.000000000e+000 -2.853621763e-018 1.300000000e-001 1.300000000e-001 1.142399951e-005 
d 0.000000000e+000 0.000000000e+000 -1.292686724e-005 5.000000000e-001 5.000000000e-001 0.000000000e+000 0.000000000e+000 0.000000000e+000 -3.216664361e-018 1.600000000e-001 1.600000000e-001 1.292686745e-005 
d 0.000000000e+000 0.000000000e+000 -1.449342379e-005 5.000000000e-001 5.000000000e-001 0.000000000e+000 0.000000000e+000 0.000000000e+000 -3.593339037e-018 1.900000000e-001 1.900000000e-001 1.449342399e-005 
d 0.000000000e+000 0.000000000e+000 -1.615163460e-005 5.000000000e-001 5.000000000e-001 0.000000000e+000 0.000000000e+000 0.000000000e+000 -3.895758621e-018 2.200000000e-001 2.200000000e-001 1.615163480e-005 
d 0.000000000e+000 0.000000000e+000 -1.791583258e-005 5.000000000e-001 5.000000000e-001 0.000000000e+000 0.000000000e+000 0.000000000e+000 -4.466804721e-018 2.500000000e-001 2.500000000e-001 1.791583276e-005 
d 0.000000000e+000 0.000000000e+000 -1.979430345e-005 5.000000000e-001 5.000000000e-001 0.000000000e+000 0.000000000e+000 0.000000000e+000 -4.862844716e-018 2.800000000e-001 2.800000000e-001 1.979430363e-005 
d 0.000000000e+000 0.000000000e+000 -2.179275694e-005 5.000000000e-001 5.000000000e-001 0.000000000e+000 0.000000000e+000 0.000000000e+000 -5.443478954e-018 3.100000000e-001 3.100000000e-001 2.179275711e-005 
d 0.000000000e+000 0.000000000e+000 -2.391624337e-005 5.000000000e-001 5.000000000e-001 0.000000000e+000 0.000000000e+000 0.000000000e+000 -5.908259693e-018 3.400000000e-001 3.400000000e-001 2.391624354e-005 
d 0.000000000e+000 0.000000000e+000 -2.617014819e-005 5.000000000e-001 5.000000000e-001 0.000000000e+000 0.000000000e+000 0.000000000e+000 -6.192732516e-018 3.700000000e-001 3.700000000e-001 2.617014835e-005 
d 0.000000000e+000 0.000000000e+000 -2.855917627e-005 5.000000000e-001 5.000000000e-001 0.000000000e+000 0.000000000e+000 0.000000000e+000 -6.493728721e-018 4.000000000e-001 4.000000000e-001 2.855917642e-005 
d 0.000000000e+000 0.000000000e+000 -3.108763305e-005 5.000000000e-001 5.000000000e-001 0.000000000e+000 0.000000000e+000 0.000000000e+000 -6.736595243e-018 4.300000000e-001 4.300000000e-001 3.108763319e-005 
d 0.000000000e+000 0.000000000e+000 -3.375865216e-005 5.000000000e-001 5.000000000e-001 0.000000000e+000 0.000000000e+000 0.000000000e+000 -6.833318912e-018 4.600000000e-001 4.600000000e-001 3.375865229e-005 
d 0.000000000e+000 0.000000000e+000 -3.657689926e-005 5.000000000e-001 5.000000000e-001 0.000000000e+000 0.000000000e+000 0.000000000e+000 -7.012652240e-018 4.900000000e-001 4.900000000e-001 3.657689934e-005 
d 0.000000000e+000 0.000000000e+000 -3.954674699e-005 5.000000000e-001 5.000000000e-001 0.000000000e+000 0.000000000e+000 0.000000000e+000 -7.041865168e-018 5.200000000e-001 5.200000000e-001 3.954674700e-005 
d 0.000000000e+000 0.000000000e+000 -4.267144134e-005 5.000000000e-001 5.000000000e-001 0.000000000e+000 0.000000000e+000 0.000000000e+000 -7.222833497e-018 5.500000000e-001 5.500000000e-001 4.267144129e-005 
d 0.000000000e+000 0.000000000e+000 -4.595403927e-005 5.000000000e-001 5.000000000e-001 0.000000000e+000 0.000000000e+000 0.000000000e+000 -7.302430146e-018 5.800000000e-001 5.800000000e-001 4.595403911e-005 
d 0.000000000e+000 0.000000000e+000 -4.939545850e-005 5.000000000e-001 5.000000000e-001 0.000000000e+000 0.000000000e+000 0.000000000e+000 -7.594259216e-018 6.100000000e-001 6.100000000e-001 4.939545824e-005 
d 0.000000000e+000 0.000000000e+000 -5.299817117e-005 5.000000000e-001 5.000000000e-001 0.000000000e+000 0.000000000e+000 0.000000000e+000 -7.926373799e-018 6.400000000e-001 6.400000000e-001 5.299817076e-005 
d 0.000000000e+000 0.000000000e+000 -5.676655683e-005 5.000000000e-001 5.000000000e-001 0.000000000e+000 0.000000000e+000 0.000000000e+000 -8.268280362e-018 6.700000000e-001 6.700000000e-001 5.676655691e-005 
d 0.000000000e+000 0.000000000e+000 -6.070283652e-005 5.000000000e-001 5.000000000e-001 0.000000000e+000 0.000000000e+000 0.000000000e+000 -8.582346431e-018 7.000000000e-001 7.000000000e-001 6.070283662e-005 
d 0.000000000e+000 0.000000000e+000 -6.480869422e-005 5.000000000e-001 5.000000000e-001 0.000000000e+000 0.000000000e+000 0.000000000e+000 -9.127104288e-018 7.300000000e-001 7.300000000e-001 6.480869435e-005 
d 0.000000000e+000 0.000000000e+000 -6.908679415e-005 5.000000000e-001 5.000000000e-001 0.000000000e+000 0.000000000e+000 0.000000000e+000 -9.849317800e-018 7.600000000e-001 7.600000000e-001 6.908679433e-005 
d 0.000000000e+000 0.000000000e+000 -7.353743071e-005 5.000000000e-001 5.000000000e-001 0.000000000e+000 0.000000000e+000 0.000000000e+000 -1.024711840e-017 7.900000000e-001 7.900000000e-001 7.353743094e-005 
d 0.000000000e+000 0.000000000e+000 -7.815926898e-005 5.000000000e-001 5.000000000e-001 0.000000000e+000 0.000000000e+000 0.000000000e+000 -1.055180839e-017 8.200000000e-001 8.200000000e-001 7.815926927e-005 
d 0.000000000e+000 0.000000000e+000 -8.295961376e-005 5.000000000e-001 5.000000000e-001 0.000000000e+000 0.000000000e+000 0.000000000e+000 -1.100233897e-017 8.500000000e-001 8.500000000e-001 8.295961420e-005 
d 0.000000000e+000 0.000000000e+000 -8.793964972e-005 5.000000000e-001 5.000000000e-001 0.000000000e+000 0.000000000e+000 0.000000000e+000 -1.143991944e-017 8.800000000e-001 8.800000000e-001 8.793965029e-005 
d 0.000000000e+000 0.000000000e+000 -9.309945549e-005 5.000000000e-001 5.000000000e-001 0.000000000e+000 0.000000000e+000 0.000000000e+000 -1.172513627e-017 9.100000000e-001 9.100000000e-001 9.309945623e-005 
d 0.000000000e+000 0.000000000e+000 -9.844052966e-005 5.000000000e-001 5.000000000e-001 0.000000000e+000 0.000000000e+000 0.000000000e+000 -1.191928255e-017 9.400000000e-001 9.400000000e-001 9.844053017e-005 
d 0.000000000e+000 0.000000000e+000 -1.039643211e-004 5.000000000e-001 5.000000000e-001 0.000000000e+000 0.000000000e+000 0.000000000e+000 -1.214453643e-017 9.700000000e-001 9.700000000e-001 1.039643217e-004 
d 0.000000000e+000 0.000000000e+000 -1.096718970e-004 5.000000000e-001 5.000000000e-001 0.000000000e+000 0.000000000e+000 0.000000000e+000 -1.236367334e-017 1.000000000e+000 1.000000000e+000 1.096718978e-004 
