v ATLAS
# This file was created by ATLAS version 5.28.1.R on Tue Mar 10 09:39:54 2026.
#SSF 2.0 generic
##############################################################################
#                    Copyright (c) 1984 - 2019                               #
#                    Silvaco Inc. All rights reserved                        #
#                                                                            #
# This file format and the following Key are copyright Silvaco Inc.          #
# You may not use, this format or key without reproducing this message in    #
# full and obtaining express written permission from Silvaco Inc.            #
#                                                                            #
# To obtain such permission please contact: Silvaco Inc.                     #
#                                           support@silvaco.com              #
#                                                                            #
# KEY=SVC86hn7562asdx                       PROD=345                         #
##############################################################################
y 1 15
z 300
f 4 "Source" "Gate" "Bulk" "Drain" 
p 12 2 601 20 3 602 21 4 603 22 5 604 23 
d 0.000000000e+000 0.000000000e+000 1.354241028e-003 -1.000000000e+000 -1.000000000e+000 0.000000000e+000 0.000000000e+000 0.000000000e+000 4.279553513e-017 -1.000000000e+000 -1.000000000e+000 -1.354241028e-003 
d 0.000000000e+000 0.000000000e+000 1.346036719e-003 -1.000000000e+000 -1.000000000e+000 0.000000000e+000 0.000000000e+000 0.000000000e+000 4.061057560e-017 -9.700000000e-001 -9.700000000e-001 -1.346036719e-003 
d 0.000000000e+000 0.000000000e+000 1.337607183e-003 -1.000000000e+000 -1.000000000e+000 0.000000000e+000 0.000000000e+000 0.000000000e+000 3.855574830e-017 -9.400000000e-001 -9.400000000e-001 -1.337607183e-003 
d 0.000000000e+000 0.000000000e+000 1.328971845e-003 -1.000000000e+000 -1.000000000e+000 0.000000000e+000 0.000000000e+000 0.000000000e+000 3.652621260e-017 -9.100000000e-001 -9.100000000e-001 -1.328971845e-003 
d 0.000000000e+000 0.000000000e+000 1.320234007e-003 -1.000000000e+000 -1.000000000e+000 0.000000000e+000 0.000000000e+000 0.000000000e+000 3.488381183e-017 -8.800000000e-001 -8.800000000e-001 -1.320234007e-003 
d 0.000000000e+000 0.000000000e+000 1.311017056e-003 -1.000000000e+000 -1.000000000e+000 0.000000000e+000 0.000000000e+000 0.000000000e+000 3.352125678e-017 -8.500000000e-001 -8.500000000e-001 -1.311017056e-003 
d 0.000000000e+000 0.000000000e+000 1.301626634e-003 -1.000000000e+000 -1.000000000e+000 0.000000000e+000 0.000000000e+000 0.000000000e+000 3.247811828e-017 -8.200000000e-001 -8.200000000e-001 -1.301626634e-003 
d 0.000000000e+000 0.000000000e+000 1.291986262e-003 -1.000000000e+000 -1.000000000e+000 0.000000000e+000 0.000000000e+000 0.000000000e+000 3.165934589e-017 -7.900000000e-001 -7.900000000e-001 -1.291986262e-003 
d 0.000000000e+000 0.000000000e+000 1.281980561e-003 -1.000000000e+000 -1.000000000e+000 0.000000000e+000 0.000000000e+000 0.000000000e+000 3.088259000e-017 -7.600000000e-001 -7.600000000e-001 -1.281980561e-003 
d 0.000000000e+000 0.000000000e+000 1.271481591e-003 -1.000000000e+000 -1.000000000e+000 0.000000000e+000 0.000000000e+000 0.000000000e+000 3.031714571e-017 -7.300000000e-001 -7.300000000e-001 -1.271481591e-003 
d 0.000000000e+000 0.000000000e+000 1.260604541e-003 -1.000000000e+000 -1.000000000e+000 0.000000000e+000 0.000000000e+000 0.000000000e+000 2.988550458e-017 -7.000000000e-001 -7.000000000e-001 -1.260604541e-003 
d 0.000000000e+000 0.000000000e+000 1.249093288e-003 -1.000000000e+000 -1.000000000e+000 0.000000000e+000 0.000000000e+000 0.000000000e+000 2.940409273e-017 -6.700000000e-001 -6.700000000e-001 -1.249093288e-003 
d 0.000000000e+000 0.000000000e+000 1.237065318e-003 -1.000000000e+000 -1.000000000e+000 0.000000000e+000 0.000000000e+000 0.000000000e+000 2.906178677e-017 -6.400000000e-001 -6.400000000e-001 -1.237065318e-003 
d 0.000000000e+000 0.000000000e+000 1.224162523e-003 -1.000000000e+000 -1.000000000e+000 0.000000000e+000 0.000000000e+000 0.000000000e+000 2.864074554e-017 -6.100000000e-001 -6.100000000e-001 -1.224162523e-003 
d 0.000000000e+000 0.000000000e+000 1.210272593e-003 -1.000000000e+000 -1.000000000e+000 0.000000000e+000 0.000000000e+000 0.000000000e+000 2.810874131e-017 -5.800000000e-001 -5.800000000e-001 -1.210272593e-003 
d 0.000000000e+000 0.000000000e+000 1.195212779e-003 -1.000000000e+000 -1.000000000e+000 0.000000000e+000 0.000000000e+000 0.000000000e+000 2.771706471e-017 -5.500000000e-001 -5.500000000e-001 -1.195212779e-003 
d 0.000000000e+000 0.000000000e+000 1.178631007e-003 -1.000000000e+000 -1.000000000e+000 0.000000000e+000 0.000000000e+000 0.000000000e+000 2.707246006e-017 -5.200000000e-001 -5.200000000e-001 -1.178631007e-003 
d 0.000000000e+000 0.000000000e+000 1.160009830e-003 -1.000000000e+000 -1.000000000e+000 0.000000000e+000 0.000000000e+000 0.000000000e+000 2.639317376e-017 -4.900000000e-001 -4.900000000e-001 -1.160009830e-003 
d 0.000000000e+000 0.000000000e+000 1.138725979e-003 -1.000000000e+000 -1.000000000e+000 0.000000000e+000 0.000000000e+000 0.000000000e+000 2.535121952e-017 -4.600000000e-001 -4.600000000e-001 -1.138725979e-003 
d 0.000000000e+000 0.000000000e+000 1.113885506e-003 -1.000000000e+000 -1.000000000e+000 0.000000000e+000 0.000000000e+000 0.000000000e+000 2.427906552e-017 -4.300000000e-001 -4.300000000e-001 -1.113885506e-003 
d 0.000000000e+000 0.000000000e+000 1.084455067e-003 -1.000000000e+000 -1.000000000e+000 0.000000000e+000 0.000000000e+000 0.000000000e+000 2.272470968e-017 -4.000000000e-001 -4.000000000e-001 -1.084455067e-003 
d 0.000000000e+000 0.000000000e+000 1.049477292e-003 -1.000000000e+000 -1.000000000e+000 0.000000000e+000 0.000000000e+000 0.000000000e+000 2.099247092e-017 -3.700000000e-001 -3.700000000e-001 -1.049477292e-003 
d 0.000000000e+000 0.000000000e+000 1.007420281e-003 -1.000000000e+000 -1.000000000e+000 0.000000000e+000 0.000000000e+000 0.000000000e+000 1.909947528e-017 -3.400000000e-001 -3.400000000e-001 -1.007420281e-003 
d 0.000000000e+000 0.000000000e+000 9.562196346e-004 -1.000000000e+000 -1.000000000e+000 0.000000000e+000 0.000000000e+000 0.000000000e+000 1.722642912e-017 -3.100000000e-001 -3.100000000e-001 -9.562196346e-004 
d 0.000000000e+000 0.000000000e+000 8.971326839e-004 -1.000000000e+000 -1.000000000e+000 0.000000000e+000 0.000000000e+000 0.000000000e+000 1.561156768e-017 -2.800000000e-001 -2.800000000e-001 -8.971326839e-004 
d 0.000000000e+000 0.000000000e+000 8.297600984e-004 -1.000000000e+000 -1.000000000e+000 0.000000000e+000 0.000000000e+000 0.000000000e+000 1.415248819e-017 -2.500000000e-001 -2.500000000e-001 -8.297600984e-004 
d 0.000000000e+000 0.000000000e+000 7.548164053e-004 -1.000000000e+000 -1.000000000e+000 0.000000000e+000 0.000000000e+000 0.000000000e+000 1.281083558e-017 -2.200000000e-001 -2.200000000e-001 -7.548164053e-004 
d 0.000000000e+000 0.000000000e+000 6.724632662e-004 -1.000000000e+000 -1.000000000e+000 0.000000000e+000 0.000000000e+000 0.000000000e+000 1.165349561e-017 -1.900000000e-001 -1.900000000e-001 -6.724632662e-004 
d 0.000000000e+000 0.000000000e+000 5.826072243e-004 -1.000000000e+000 -1.000000000e+000 0.000000000e+000 0.000000000e+000 0.000000000e+000 1.046626947e-017 -1.600000000e-001 -1.600000000e-001 -5.826072243e-004 
d 0.000000000e+000 0.000000000e+000 4.861576671e-004 -1.000000000e+000 -1.000000000e+000 0.000000000e+000 0.000000000e+000 0.000000000e+000 9.107140250e-018 -1.300000000e-001 -1.300000000e-001 -4.861576671e-004 
d 0.000000000e+000 0.000000000e+000 3.831504228e-004 -1.000000000e+000 -1.000000000e+000 0.000000000e+000 0.000000000e+000 0.000000000e+000 7.640837901e-018 -1.000000000e-001 -1.000000000e-001 -3.831502219e-004 
d 0.000000000e+000 0.000000000e+000 2.739900352e-004 -1.000000000e+000 -1.000000000e+000 0.000000000e+000 0.000000000e+000 0.000000000e+000 5.912829014e-018 -7.000000000e-002 -7.000000000e-002 -2.739901503e-004 
d 0.000000000e+000 0.000000000e+000 1.595298562e-004 -1.000000000e+000 -1.000000000e+000 0.000000000e+000 0.000000000e+000 0.000000000e+000 3.750891958e-018 -4.000000000e-002 -4.000000000e-002 -1.595298461e-004 
d 0.000000000e+000 0.000000000e+000 4.056922422e-005 -1.000000000e+000 -1.000000000e+000 0.000000000e+000 0.000000000e+000 0.000000000e+000 1.178671405e-018 -1.000000000e-002 -1.000000000e-002 -4.056918715e-005 
