v ATLAS
# This file was created by ATLAS version 5.28.1.R on Tue Mar 10 09:41:48 2026.
#SSF 2.0 generic
##############################################################################
#                    Copyright (c) 1984 - 2019                               #
#                    Silvaco Inc. All rights reserved                        #
#                                                                            #
# This file format and the following Key are copyright Silvaco Inc.          #
# You may not use, this format or key without reproducing this message in    #
# full and obtaining express written permission from Silvaco Inc.            #
#                                                                            #
# To obtain such permission please contact: Silvaco Inc.                     #
#                                           support@silvaco.com              #
#                                                                            #
# KEY=SVC86hn7562asdx                       PROD=345                         #
##############################################################################
y 1 15
z 300
f 4 "Source" "Gate" "Bulk" "Drain" 
p 12 2 601 20 3 602 21 4 603 22 5 604 23 
d 0.000000000e+000 0.000000000e+000 1.354241028e-003 -1.000000000e+000 -1.000000000e+000 0.000000000e+000 0.000000000e+000 0.000000000e+000 4.280043041e-017 -1.000000000e+000 -1.000000000e+000 -1.354241028e-003 
d 0.000000000e+000 0.000000000e+000 1.294784617e-003 -9.800000000e-001 -9.800000000e-001 0.000000000e+000 0.000000000e+000 0.000000000e+000 4.273339114e-017 -1.000000000e+000 -1.000000000e+000 -1.294784617e-003 
d 0.000000000e+000 0.000000000e+000 1.235342902e-003 -9.600000000e-001 -9.600000000e-001 0.000000000e+000 0.000000000e+000 0.000000000e+000 4.273446926e-017 -1.000000000e+000 -1.000000000e+000 -1.235342902e-003 
d 0.000000000e+000 0.000000000e+000 1.176347824e-003 -9.400000000e-001 -9.400000000e-001 0.000000000e+000 0.000000000e+000 0.000000000e+000 4.271514215e-017 -1.000000000e+000 -1.000000000e+000 -1.176347824e-003 
d 0.000000000e+000 0.000000000e+000 1.117772631e-003 -9.200000000e-001 -9.200000000e-001 0.000000000e+000 0.000000000e+000 0.000000000e+000 4.271865089e-017 -1.000000000e+000 -1.000000000e+000 -1.117772631e-003 
d 0.000000000e+000 0.000000000e+000 1.059601748e-003 -9.000000000e-001 -9.000000000e-001 0.000000000e+000 0.000000000e+000 0.000000000e+000 4.263811444e-017 -1.000000000e+000 -1.000000000e+000 -1.059601748e-003 
d 0.000000000e+000 0.000000000e+000 1.001857921e-003 -8.800000000e-001 -8.800000000e-001 0.000000000e+000 0.000000000e+000 0.000000000e+000 4.258857142e-017 -1.000000000e+000 -1.000000000e+000 -1.001857921e-003 
d 0.000000000e+000 0.000000000e+000 9.447486934e-004 -8.600000000e-001 -8.600000000e-001 0.000000000e+000 0.000000000e+000 0.000000000e+000 4.260184126e-017 -1.000000000e+000 -1.000000000e+000 -9.447486934e-004 
d 0.000000000e+000 0.000000000e+000 8.881568872e-004 -8.400000000e-001 -8.400000000e-001 0.000000000e+000 0.000000000e+000 0.000000000e+000 4.247150512e-017 -1.000000000e+000 -1.000000000e+000 -8.881568872e-004 
d 0.000000000e+000 0.000000000e+000 8.323243169e-004 -8.200000000e-001 -8.200000000e-001 0.000000000e+000 0.000000000e+000 0.000000000e+000 4.240765259e-017 -1.000000000e+000 -1.000000000e+000 -8.323240771e-004 
d 0.000000000e+000 0.000000000e+000 7.772735622e-004 -8.000000000e-001 -8.000000000e-001 0.000000000e+000 0.000000000e+000 0.000000000e+000 4.234093341e-017 -1.000000000e+000 -1.000000000e+000 -7.772734765e-004 
d 0.000000000e+000 0.000000000e+000 7.231026267e-004 -7.800000000e-001 -7.800000000e-001 0.000000000e+000 0.000000000e+000 0.000000000e+000 4.228521752e-017 -1.000000000e+000 -1.000000000e+000 -7.231024588e-004 
d 0.000000000e+000 0.000000000e+000 6.699492849e-004 -7.600000000e-001 -7.600000000e-001 0.000000000e+000 0.000000000e+000 0.000000000e+000 4.223438600e-017 -1.000000000e+000 -1.000000000e+000 -6.699492280e-004 
d 0.000000000e+000 0.000000000e+000 6.174816682e-004 -7.400000000e-001 -7.400000000e-001 0.000000000e+000 0.000000000e+000 0.000000000e+000 4.220067511e-017 -1.000000000e+000 -1.000000000e+000 -6.174816682e-004 
d 0.000000000e+000 0.000000000e+000 5.662247567e-004 -7.200000000e-001 -7.200000000e-001 0.000000000e+000 0.000000000e+000 0.000000000e+000 4.218939036e-017 -1.000000000e+000 -1.000000000e+000 -5.662247596e-004 
d 0.000000000e+000 0.000000000e+000 5.162600433e-004 -7.000000000e-001 -7.000000000e-001 0.000000000e+000 0.000000000e+000 0.000000000e+000 4.212016792e-017 -1.000000000e+000 -1.000000000e+000 -5.162600216e-004 
d 0.000000000e+000 0.000000000e+000 4.676620319e-004 -6.800000000e-001 -6.800000000e-001 0.000000000e+000 0.000000000e+000 0.000000000e+000 4.202156420e-017 -1.000000000e+000 -1.000000000e+000 -4.676620259e-004 
d 0.000000000e+000 0.000000000e+000 4.205495140e-004 -6.600000000e-001 -6.600000000e-001 0.000000000e+000 0.000000000e+000 0.000000000e+000 4.201229090e-017 -1.000000000e+000 -1.000000000e+000 -4.205495048e-004 
d 0.000000000e+000 0.000000000e+000 3.748793484e-004 -6.400000000e-001 -6.400000000e-001 0.000000000e+000 0.000000000e+000 0.000000000e+000 4.192835617e-017 -1.000000000e+000 -1.000000000e+000 -3.748793483e-004 
d 0.000000000e+000 0.000000000e+000 3.307746375e-004 -6.200000000e-001 -6.200000000e-001 0.000000000e+000 0.000000000e+000 0.000000000e+000 4.182809691e-017 -1.000000000e+000 -1.000000000e+000 -3.307746277e-004 
d 0.000000000e+000 0.000000000e+000 2.882866577e-004 -6.000000000e-001 -6.000000000e-001 0.000000000e+000 0.000000000e+000 0.000000000e+000 4.180289293e-017 -1.000000000e+000 -1.000000000e+000 -2.882866665e-004 
d 0.000000000e+000 0.000000000e+000 2.476045823e-004 -5.800000000e-001 -5.800000000e-001 0.000000000e+000 0.000000000e+000 0.000000000e+000 4.164918445e-017 -1.000000000e+000 -1.000000000e+000 -2.476045897e-004 
d 0.000000000e+000 0.000000000e+000 2.094821279e-004 -5.600000000e-001 -5.600000000e-001 0.000000000e+000 0.000000000e+000 0.000000000e+000 4.164805013e-017 -1.000000000e+000 -1.000000000e+000 -2.094821336e-004 
d 0.000000000e+000 0.000000000e+000 1.742611750e-004 -5.400000000e-001 -5.400000000e-001 0.000000000e+000 0.000000000e+000 0.000000000e+000 4.159348544e-017 -1.000000000e+000 -1.000000000e+000 -1.742611794e-004 
d 0.000000000e+000 0.000000000e+000 1.420164672e-004 -5.200000000e-001 -5.200000000e-001 0.000000000e+000 0.000000000e+000 0.000000000e+000 4.149773205e-017 -1.000000000e+000 -1.000000000e+000 -1.420164855e-004 
d 0.000000000e+000 0.000000000e+000 1.126504583e-004 -5.000000000e-001 -5.000000000e-001 0.000000000e+000 0.000000000e+000 0.000000000e+000 4.151132193e-017 -1.000000000e+000 -1.000000000e+000 -1.126504623e-004 
d 0.000000000e+000 0.000000000e+000 8.628755511e-005 -4.800000000e-001 -4.800000000e-001 0.000000000e+000 0.000000000e+000 0.000000000e+000 4.143885560e-017 -1.000000000e+000 -1.000000000e+000 -8.628755629e-005 
d 0.000000000e+000 0.000000000e+000 6.423329701e-005 -4.600000000e-001 -4.600000000e-001 0.000000000e+000 0.000000000e+000 0.000000000e+000 4.137703117e-017 -1.000000000e+000 -1.000000000e+000 -6.423329820e-005 
d 0.000000000e+000 0.000000000e+000 4.632119044e-005 -4.400000000e-001 -4.400000000e-001 0.000000000e+000 0.000000000e+000 0.000000000e+000 4.132381080e-017 -1.000000000e+000 -1.000000000e+000 -4.632119149e-005 
d 0.000000000e+000 0.000000000e+000 3.262890634e-005 -4.200000000e-001 -4.200000000e-001 0.000000000e+000 0.000000000e+000 0.000000000e+000 4.136568167e-017 -1.000000000e+000 -1.000000000e+000 -3.262890662e-005 
d 0.000000000e+000 0.000000000e+000 2.251336526e-005 -4.000000000e-001 -4.000000000e-001 0.000000000e+000 0.000000000e+000 0.000000000e+000 4.131784215e-017 -1.000000000e+000 -1.000000000e+000 -2.251336531e-005 
d 0.000000000e+000 0.000000000e+000 1.530824494e-005 -3.800000000e-001 -3.800000000e-001 0.000000000e+000 0.000000000e+000 0.000000000e+000 4.131164323e-017 -1.000000000e+000 -1.000000000e+000 -1.530824495e-005 
d 0.000000000e+000 0.000000000e+000 1.013683883e-005 -3.600000000e-001 -3.600000000e-001 0.000000000e+000 0.000000000e+000 0.000000000e+000 4.130791382e-017 -1.000000000e+000 -1.000000000e+000 -1.013683884e-005 
d 0.000000000e+000 0.000000000e+000 6.654870939e-006 -3.400000000e-001 -3.400000000e-001 0.000000000e+000 0.000000000e+000 0.000000000e+000 4.124545948e-017 -1.000000000e+000 -1.000000000e+000 -6.654870942e-006 
d 0.000000000e+000 0.000000000e+000 4.336284195e-006 -3.200000000e-001 -3.200000000e-001 0.000000000e+000 0.000000000e+000 0.000000000e+000 4.128010781e-017 -1.000000000e+000 -1.000000000e+000 -4.336284196e-006 
d 0.000000000e+000 0.000000000e+000 2.802769404e-006 -3.000000000e-001 -3.000000000e-001 0.000000000e+000 0.000000000e+000 0.000000000e+000 4.127029937e-017 -1.000000000e+000 -1.000000000e+000 -2.802769404e-006 
d 0.000000000e+000 0.000000000e+000 1.806830242e-006 -2.800000000e-001 -2.800000000e-001 0.000000000e+000 0.000000000e+000 0.000000000e+000 4.131148949e-017 -1.000000000e+000 -1.000000000e+000 -1.806830239e-006 
d 0.000000000e+000 0.000000000e+000 1.171326003e-006 -2.600000000e-001 -2.600000000e-001 0.000000000e+000 0.000000000e+000 0.000000000e+000 4.124702710e-017 -1.000000000e+000 -1.000000000e+000 -1.171326003e-006 
d 0.000000000e+000 0.000000000e+000 7.670550436e-007 -2.400000000e-001 -2.400000000e-001 0.000000000e+000 0.000000000e+000 0.000000000e+000 4.132657026e-017 -1.000000000e+000 -1.000000000e+000 -7.670550438e-007 
d 0.000000000e+000 0.000000000e+000 5.063729732e-007 -2.200000000e-001 -2.200000000e-001 0.000000000e+000 0.000000000e+000 0.000000000e+000 4.131677610e-017 -1.000000000e+000 -1.000000000e+000 -5.063729737e-007 
d 0.000000000e+000 0.000000000e+000 3.341621219e-007 -2.000000000e-001 -2.000000000e-001 0.000000000e+000 0.000000000e+000 0.000000000e+000 4.132370849e-017 -1.000000000e+000 -1.000000000e+000 -3.341621215e-007 
d 0.000000000e+000 0.000000000e+000 2.229743928e-007 -1.800000000e-001 -1.800000000e-001 0.000000000e+000 0.000000000e+000 0.000000000e+000 4.140039938e-017 -1.000000000e+000 -1.000000000e+000 -2.229743922e-007 
d 0.000000000e+000 0.000000000e+000 1.501429081e-007 -1.600000000e-001 -1.600000000e-001 0.000000000e+000 0.000000000e+000 0.000000000e+000 4.138734382e-017 -1.000000000e+000 -1.000000000e+000 -1.501429085e-007 
d 0.000000000e+000 0.000000000e+000 1.020323600e-007 -1.400000000e-001 -1.400000000e-001 0.000000000e+000 0.000000000e+000 0.000000000e+000 4.142446521e-017 -1.000000000e+000 -1.000000000e+000 -1.020323601e-007 
d 0.000000000e+000 0.000000000e+000 6.983327809e-008 -1.200000000e-001 -1.200000000e-001 0.000000000e+000 0.000000000e+000 0.000000000e+000 4.146362648e-017 -1.000000000e+000 -1.000000000e+000 -6.983327817e-008 
d 0.000000000e+000 0.000000000e+000 4.815168243e-008 -1.000000000e-001 -1.000000000e-001 0.000000000e+000 0.000000000e+000 0.000000000e+000 4.146362560e-017 -1.000000000e+000 -1.000000000e+000 -4.815168243e-008 
d 0.000000000e+000 0.000000000e+000 3.327674243e-008 -8.000000000e-002 -8.000000000e-002 0.000000000e+000 0.000000000e+000 0.000000000e+000 4.151502529e-017 -1.000000000e+000 -1.000000000e+000 -3.327674251e-008 
d 0.000000000e+000 0.000000000e+000 2.311464956e-008 -6.000000000e-002 -6.000000000e-002 0.000000000e+000 0.000000000e+000 0.000000000e+000 4.161496994e-017 -1.000000000e+000 -1.000000000e+000 -2.311464937e-008 
d 0.000000000e+000 0.000000000e+000 1.615800422e-008 -4.000000000e-002 -4.000000000e-002 0.000000000e+000 0.000000000e+000 0.000000000e+000 4.154276379e-017 -1.000000000e+000 -1.000000000e+000 -1.615800419e-008 
d 0.000000000e+000 0.000000000e+000 1.136917262e-008 -2.000000000e-002 -2.000000000e-002 0.000000000e+000 0.000000000e+000 0.000000000e+000 4.167779138e-017 -1.000000000e+000 -1.000000000e+000 -1.136917249e-008 
d 0.000000000e+000 0.000000000e+000 8.050940026e-009 -3.846006207e-016 -3.846006207e-016 0.000000000e+000 0.000000000e+000 0.000000000e+000 4.179527756e-017 -1.000000000e+000 -1.000000000e+000 -8.050940014e-009 
d 0.000000000e+000 0.000000000e+000 5.733915859e-009 2.000000000e-002 2.000000000e-002 0.000000000e+000 0.000000000e+000 0.000000000e+000 4.180098808e-017 -1.000000000e+000 -1.000000000e+000 -5.733916124e-009 
d 0.000000000e+000 0.000000000e+000 4.104534005e-009 4.000000000e-002 4.000000000e-002 0.000000000e+000 0.000000000e+000 0.000000000e+000 4.206941222e-017 -1.000000000e+000 -1.000000000e+000 -4.104533593e-009 
d 0.000000000e+000 0.000000000e+000 2.952844979e-009 6.000000000e-002 6.000000000e-002 0.000000000e+000 0.000000000e+000 0.000000000e+000 4.201923493e-017 -1.000000000e+000 -1.000000000e+000 -2.952845322e-009 
d 0.000000000e+000 0.000000000e+000 2.131251543e-009 8.000000000e-002 8.000000000e-002 0.000000000e+000 0.000000000e+000 0.000000000e+000 4.220770277e-017 -1.000000000e+000 -1.000000000e+000 -2.131251592e-009 
d 0.000000000e+000 0.000000000e+000 1.544161565e-009 1.000000000e-001 1.000000000e-001 0.000000000e+000 0.000000000e+000 0.000000000e+000 4.229051405e-017 -1.000000000e+000 -1.000000000e+000 -1.544161646e-009 
d 0.000000000e+000 0.000000000e+000 1.119833490e-009 1.200000000e-001 1.200000000e-001 0.000000000e+000 0.000000000e+000 0.000000000e+000 4.237822063e-017 -1.000000000e+000 -1.000000000e+000 -1.119833204e-009 
d 0.000000000e+000 0.000000000e+000 8.143648736e-010 1.400000000e-001 1.400000000e-001 0.000000000e+000 0.000000000e+000 0.000000000e+000 4.251406417e-017 -1.000000000e+000 -1.000000000e+000 -8.143648057e-010 
d 0.000000000e+000 0.000000000e+000 5.947054270e-010 1.600000000e-001 1.600000000e-001 0.000000000e+000 0.000000000e+000 0.000000000e+000 4.264582832e-017 -1.000000000e+000 -1.000000000e+000 -5.947054681e-010 
d 0.000000000e+000 0.000000000e+000 4.353957783e-010 1.800000000e-001 1.800000000e-001 0.000000000e+000 0.000000000e+000 0.000000000e+000 4.278044805e-017 -1.000000000e+000 -1.000000000e+000 -4.353956099e-010 
d 0.000000000e+000 0.000000000e+000 3.201755208e-010 2.000000000e-001 2.000000000e-001 0.000000000e+000 0.000000000e+000 0.000000000e+000 4.285632437e-017 -1.000000000e+000 -1.000000000e+000 -3.201759940e-010 
d 0.000000000e+000 0.000000000e+000 2.363997590e-010 2.200000000e-001 2.200000000e-001 0.000000000e+000 0.000000000e+000 0.000000000e+000 4.302480316e-017 -1.000000000e+000 -1.000000000e+000 -2.363998358e-010 
d 0.000000000e+000 0.000000000e+000 1.750792240e-010 2.400000000e-001 2.400000000e-001 0.000000000e+000 0.000000000e+000 0.000000000e+000 4.305131870e-017 -1.000000000e+000 -1.000000000e+000 -1.750793033e-010 
d 0.000000000e+000 0.000000000e+000 1.299033626e-010 2.600000000e-001 2.600000000e-001 0.000000000e+000 0.000000000e+000 0.000000000e+000 4.311740446e-017 -1.000000000e+000 -1.000000000e+000 -1.299030080e-010 
d 0.000000000e+000 0.000000000e+000 9.676071262e-011 2.800000000e-001 2.800000000e-001 0.000000000e+000 0.000000000e+000 0.000000000e+000 4.329852941e-017 -1.000000000e+000 -1.000000000e+000 -9.676096120e-011 
d 0.000000000e+000 0.000000000e+000 7.234862759e-011 3.000000000e-001 3.000000000e-001 0.000000000e+000 0.000000000e+000 0.000000000e+000 4.338745984e-017 -1.000000000e+000 -1.000000000e+000 -7.234845797e-011 
d 0.000000000e+000 0.000000000e+000 5.430377430e-011 3.200000000e-001 3.200000000e-001 0.000000000e+000 0.000000000e+000 0.000000000e+000 4.360407561e-017 -1.000000000e+000 -1.000000000e+000 -5.430360255e-011 
d 0.000000000e+000 0.000000000e+000 4.089103631e-011 3.400000000e-001 3.400000000e-001 0.000000000e+000 0.000000000e+000 0.000000000e+000 4.366241052e-017 -1.000000000e+000 -1.000000000e+000 -4.089092695e-011 
d 0.000000000e+000 0.000000000e+000 3.085785241e-011 3.600000000e-001 3.600000000e-001 0.000000000e+000 0.000000000e+000 0.000000000e+000 4.377500149e-017 -1.000000000e+000 -1.000000000e+000 -3.085780935e-011 
d 0.000000000e+000 0.000000000e+000 2.329099942e-011 3.800000000e-001 3.800000000e-001 0.000000000e+000 0.000000000e+000 0.000000000e+000 4.391288477e-017 -1.000000000e+000 -1.000000000e+000 -2.329082111e-011 
d 0.000000000e+000 0.000000000e+000 1.762616541e-011 4.000000000e-001 4.000000000e-001 0.000000000e+000 0.000000000e+000 0.000000000e+000 4.410951147e-017 -1.000000000e+000 -1.000000000e+000 -1.762630954e-011 
d 0.000000000e+000 0.000000000e+000 1.335903158e-011 4.200000000e-001 4.200000000e-001 0.000000000e+000 0.000000000e+000 0.000000000e+000 4.419069105e-017 -1.000000000e+000 -1.000000000e+000 -1.335904874e-011 
d 0.000000000e+000 0.000000000e+000 1.009235613e-011 4.400000000e-001 4.400000000e-001 0.000000000e+000 0.000000000e+000 0.000000000e+000 4.430165027e-017 -1.000000000e+000 -1.000000000e+000 -1.009208342e-011 
d 0.000000000e+000 0.000000000e+000 7.653976529e-012 4.600000000e-001 4.600000000e-001 0.000000000e+000 0.000000000e+000 0.000000000e+000 4.441709684e-017 -1.000000000e+000 -1.000000000e+000 -7.653646322e-012 
d 0.000000000e+000 0.000000000e+000 5.824037256e-012 4.800000000e-001 4.800000000e-001 0.000000000e+000 0.000000000e+000 0.000000000e+000 4.446400943e-017 -1.000000000e+000 -1.000000000e+000 -5.824122718e-012 
d 0.000000000e+000 0.000000000e+000 4.442902274e-012 5.000000000e-001 5.000000000e-001 0.000000000e+000 0.000000000e+000 0.000000000e+000 4.462636916e-017 -1.000000000e+000 -1.000000000e+000 -4.443246284e-012 
