v ATLAS
# This file was created by ATLAS version 5.28.1.R on Tue Mar 10 09:37:55 2026.
#SSF 2.0 generic
##############################################################################
#                    Copyright (c) 1984 - 2019                               #
#                    Silvaco Inc. All rights reserved                        #
#                                                                            #
# This file format and the following Key are copyright Silvaco Inc.          #
# You may not use, this format or key without reproducing this message in    #
# full and obtaining express written permission from Silvaco Inc.            #
#                                                                            #
# To obtain such permission please contact: Silvaco Inc.                     #
#                                           support@silvaco.com              #
#                                                                            #
# KEY=SVC86hn7562asdx                       PROD=345                         #
##############################################################################
y 1 15
z 300
f 4 "Source" "Gate" "Bulk" "Drain" 
p 12 2 601 20 3 602 21 4 603 22 5 604 23 
d 0.000000000e+000 0.000000000e+000 2.882863335e-004 -6.000000000e-001 -6.000000000e-001 0.000000000e+000 0.000000000e+000 0.000000000e+000 4.184327902e-017 -1.000000000e+000 -1.000000000e+000 -2.882863335e-004 
d 0.000000000e+000 0.000000000e+000 2.835478176e-004 -6.000000000e-001 -6.000000000e-001 0.000000000e+000 0.000000000e+000 0.000000000e+000 3.957589038e-017 -9.700000000e-001 -9.700000000e-001 -2.835478176e-004 
d 0.000000000e+000 0.000000000e+000 2.788428682e-004 -6.000000000e-001 -6.000000000e-001 0.000000000e+000 0.000000000e+000 0.000000000e+000 3.738193084e-017 -9.400000000e-001 -9.400000000e-001 -2.788428764e-004 
d 0.000000000e+000 0.000000000e+000 2.740948548e-004 -6.000000000e-001 -6.000000000e-001 0.000000000e+000 0.000000000e+000 0.000000000e+000 3.533156555e-017 -9.100000000e-001 -9.100000000e-001 -2.740948638e-004 
d 0.000000000e+000 0.000000000e+000 2.693745307e-004 -6.000000000e-001 -6.000000000e-001 0.000000000e+000 0.000000000e+000 0.000000000e+000 3.341500445e-017 -8.800000000e-001 -8.800000000e-001 -2.693745390e-004 
d 0.000000000e+000 0.000000000e+000 2.647033653e-004 -6.000000000e-001 -6.000000000e-001 0.000000000e+000 0.000000000e+000 0.000000000e+000 3.177502689e-017 -8.500000000e-001 -8.500000000e-001 -2.647033800e-004 
d 0.000000000e+000 0.000000000e+000 2.598332714e-004 -6.000000000e-001 -6.000000000e-001 0.000000000e+000 0.000000000e+000 0.000000000e+000 3.059724368e-017 -8.200000000e-001 -8.200000000e-001 -2.598332687e-004 
d 0.000000000e+000 0.000000000e+000 2.550046729e-004 -6.000000000e-001 -6.000000000e-001 0.000000000e+000 0.000000000e+000 0.000000000e+000 2.957937281e-017 -7.900000000e-001 -7.900000000e-001 -2.550046865e-004 
d 0.000000000e+000 0.000000000e+000 2.501971342e-004 -6.000000000e-001 -6.000000000e-001 0.000000000e+000 0.000000000e+000 0.000000000e+000 2.882095129e-017 -7.600000000e-001 -7.600000000e-001 -2.501971444e-004 
d 0.000000000e+000 0.000000000e+000 2.454028461e-004 -6.000000000e-001 -6.000000000e-001 0.000000000e+000 0.000000000e+000 0.000000000e+000 2.819755770e-017 -7.300000000e-001 -7.300000000e-001 -2.454028553e-004 
d 0.000000000e+000 0.000000000e+000 2.406184961e-004 -6.000000000e-001 -6.000000000e-001 0.000000000e+000 0.000000000e+000 0.000000000e+000 2.763453894e-017 -7.000000000e-001 -7.000000000e-001 -2.406185049e-004 
d 0.000000000e+000 0.000000000e+000 2.358367868e-004 -6.000000000e-001 -6.000000000e-001 0.000000000e+000 0.000000000e+000 0.000000000e+000 2.724407850e-017 -6.700000000e-001 -6.700000000e-001 -2.358368009e-004 
d 0.000000000e+000 0.000000000e+000 2.310563895e-004 -6.000000000e-001 -6.000000000e-001 0.000000000e+000 0.000000000e+000 0.000000000e+000 2.681119178e-017 -6.400000000e-001 -6.400000000e-001 -2.310564077e-004 
d 0.000000000e+000 0.000000000e+000 2.262865224e-004 -6.000000000e-001 -6.000000000e-001 0.000000000e+000 0.000000000e+000 0.000000000e+000 2.646234036e-017 -6.100000000e-001 -6.100000000e-001 -2.262865362e-004 
d 0.000000000e+000 0.000000000e+000 2.214797146e-004 -6.000000000e-001 -6.000000000e-001 0.000000000e+000 0.000000000e+000 0.000000000e+000 2.616896795e-017 -5.800000000e-001 -5.800000000e-001 -2.214797373e-004 
d 0.000000000e+000 0.000000000e+000 2.166891035e-004 -6.000000000e-001 -6.000000000e-001 0.000000000e+000 0.000000000e+000 0.000000000e+000 2.563735792e-017 -5.500000000e-001 -5.500000000e-001 -2.166891120e-004 
d 0.000000000e+000 0.000000000e+000 2.116731589e-004 -6.000000000e-001 -6.000000000e-001 0.000000000e+000 0.000000000e+000 0.000000000e+000 2.518243808e-017 -5.200000000e-001 -5.200000000e-001 -2.116731663e-004 
d 0.000000000e+000 0.000000000e+000 2.065686384e-004 -6.000000000e-001 -6.000000000e-001 0.000000000e+000 0.000000000e+000 0.000000000e+000 2.459248852e-017 -4.900000000e-001 -4.900000000e-001 -2.065686519e-004 
d 0.000000000e+000 0.000000000e+000 2.014445259e-004 -6.000000000e-001 -6.000000000e-001 0.000000000e+000 0.000000000e+000 0.000000000e+000 2.382671576e-017 -4.600000000e-001 -4.600000000e-001 -2.014445552e-004 
d 0.000000000e+000 0.000000000e+000 1.962847038e-004 -6.000000000e-001 -6.000000000e-001 0.000000000e+000 0.000000000e+000 0.000000000e+000 2.282392855e-017 -4.300000000e-001 -4.300000000e-001 -1.962847380e-004 
d 0.000000000e+000 0.000000000e+000 1.910086596e-004 -6.000000000e-001 -6.000000000e-001 0.000000000e+000 0.000000000e+000 0.000000000e+000 2.158412617e-017 -4.000000000e-001 -4.000000000e-001 -1.910086783e-004 
d 0.000000000e+000 0.000000000e+000 1.856858093e-004 -6.000000000e-001 -6.000000000e-001 0.000000000e+000 0.000000000e+000 0.000000000e+000 1.990048342e-017 -3.700000000e-001 -3.700000000e-001 -1.856858455e-004 
d 0.000000000e+000 0.000000000e+000 1.803221349e-004 -6.000000000e-001 -6.000000000e-001 0.000000000e+000 0.000000000e+000 0.000000000e+000 1.808629853e-017 -3.400000000e-001 -3.400000000e-001 -1.803221622e-004 
d 0.000000000e+000 0.000000000e+000 1.747240692e-004 -6.000000000e-001 -6.000000000e-001 0.000000000e+000 0.000000000e+000 0.000000000e+000 1.624233093e-017 -3.100000000e-001 -3.100000000e-001 -1.747240702e-004 
d 0.000000000e+000 0.000000000e+000 1.689612755e-004 -6.000000000e-001 -6.000000000e-001 0.000000000e+000 0.000000000e+000 0.000000000e+000 1.445547237e-017 -2.800000000e-001 -2.800000000e-001 -1.689612893e-004 
d 0.000000000e+000 0.000000000e+000 1.629786208e-004 -6.000000000e-001 -6.000000000e-001 0.000000000e+000 0.000000000e+000 0.000000000e+000 1.300516114e-017 -2.500000000e-001 -2.500000000e-001 -1.629786312e-004 
d 0.000000000e+000 0.000000000e+000 1.566622414e-004 -6.000000000e-001 -6.000000000e-001 0.000000000e+000 0.000000000e+000 0.000000000e+000 1.182204517e-017 -2.200000000e-001 -2.200000000e-001 -1.566622492e-004 
d 0.000000000e+000 0.000000000e+000 1.495780054e-004 -6.000000000e-001 -6.000000000e-001 0.000000000e+000 0.000000000e+000 0.000000000e+000 1.066665601e-017 -1.900000000e-001 -1.900000000e-001 -1.495780062e-004 
d 0.000000000e+000 0.000000000e+000 1.412969526e-004 -6.000000000e-001 -6.000000000e-001 0.000000000e+000 0.000000000e+000 0.000000000e+000 9.574470215e-018 -1.600000000e-001 -1.600000000e-001 -1.412969360e-004 
d 0.000000000e+000 0.000000000e+000 1.308099410e-004 -6.000000000e-001 -6.000000000e-001 0.000000000e+000 0.000000000e+000 0.000000000e+000 8.478544417e-018 -1.300000000e-001 -1.300000000e-001 -1.308099042e-004 
d 0.000000000e+000 0.000000000e+000 1.162601581e-004 -6.000000000e-001 -6.000000000e-001 0.000000000e+000 0.000000000e+000 0.000000000e+000 7.178056964e-018 -1.000000000e-001 -1.000000000e-001 -1.162601248e-004 
d 0.000000000e+000 0.000000000e+000 9.452288783e-005 -6.000000000e-001 -6.000000000e-001 0.000000000e+000 0.000000000e+000 0.000000000e+000 5.655955105e-018 -7.000000000e-002 -7.000000000e-002 -9.452288526e-005 
d 0.000000000e+000 0.000000000e+000 6.225474487e-005 -6.000000000e-001 -6.000000000e-001 0.000000000e+000 0.000000000e+000 0.000000000e+000 3.671851208e-018 -4.000000000e-002 -4.000000000e-002 -6.225470549e-005 
d 0.000000000e+000 0.000000000e+000 1.750673720e-005 -6.000000000e-001 -6.000000000e-001 0.000000000e+000 0.000000000e+000 0.000000000e+000 1.054587378e-018 -1.000000000e-002 -1.000000000e-002 -1.750672432e-005 
