v ATLAS
# This file was created by ATLAS version 5.28.1.R on Tue Mar 10 09:38:50 2026.
#SSF 2.0 generic
##############################################################################
#                    Copyright (c) 1984 - 2019                               #
#                    Silvaco Inc. All rights reserved                        #
#                                                                            #
# This file format and the following Key are copyright Silvaco Inc.          #
# You may not use, this format or key without reproducing this message in    #
# full and obtaining express written permission from Silvaco Inc.            #
#                                                                            #
# To obtain such permission please contact: Silvaco Inc.                     #
#                                           support@silvaco.com              #
#                                                                            #
# KEY=SVC86hn7562asdx                       PROD=345                         #
##############################################################################
y 1 15
z 300
f 4 "Source" "Gate" "Bulk" "Drain" 
p 12 2 601 20 3 602 21 4 603 22 5 604 23 
d 0.000000000e+000 0.000000000e+000 7.772759517e-004 -8.000000000e-001 -8.000000000e-001 0.000000000e+000 0.000000000e+000 0.000000000e+000 4.233032697e-017 -1.000000000e+000 -1.000000000e+000 -7.772759517e-004 
d 0.000000000e+000 0.000000000e+000 7.706826043e-004 -8.000000000e-001 -8.000000000e-001 0.000000000e+000 0.000000000e+000 0.000000000e+000 4.016616065e-017 -9.700000000e-001 -9.700000000e-001 -7.706826043e-004 
d 0.000000000e+000 0.000000000e+000 7.639866869e-004 -8.000000000e-001 -8.000000000e-001 0.000000000e+000 0.000000000e+000 0.000000000e+000 3.795630424e-017 -9.400000000e-001 -9.400000000e-001 -7.639867913e-004 
d 0.000000000e+000 0.000000000e+000 7.571865788e-004 -8.000000000e-001 -8.000000000e-001 0.000000000e+000 0.000000000e+000 0.000000000e+000 3.591859784e-017 -9.100000000e-001 -9.100000000e-001 -7.571866205e-004 
d 0.000000000e+000 0.000000000e+000 7.503251886e-004 -8.000000000e-001 -8.000000000e-001 0.000000000e+000 0.000000000e+000 0.000000000e+000 3.418684610e-017 -8.800000000e-001 -8.800000000e-001 -7.503252607e-004 
d 0.000000000e+000 0.000000000e+000 7.433936035e-004 -8.000000000e-001 -8.000000000e-001 0.000000000e+000 0.000000000e+000 0.000000000e+000 3.272433431e-017 -8.500000000e-001 -8.500000000e-001 -7.433936830e-004 
d 0.000000000e+000 0.000000000e+000 7.364017845e-004 -8.000000000e-001 -8.000000000e-001 0.000000000e+000 0.000000000e+000 0.000000000e+000 3.164650962e-017 -8.200000000e-001 -8.200000000e-001 -7.364018161e-004 
d 0.000000000e+000 0.000000000e+000 7.293467396e-004 -8.000000000e-001 -8.000000000e-001 0.000000000e+000 0.000000000e+000 0.000000000e+000 3.056582845e-017 -7.900000000e-001 -7.900000000e-001 -7.293467692e-004 
d 0.000000000e+000 0.000000000e+000 7.222379577e-004 -8.000000000e-001 -8.000000000e-001 0.000000000e+000 0.000000000e+000 0.000000000e+000 2.990124555e-017 -7.600000000e-001 -7.600000000e-001 -7.222379836e-004 
d 0.000000000e+000 0.000000000e+000 7.150354116e-004 -8.000000000e-001 -8.000000000e-001 0.000000000e+000 0.000000000e+000 0.000000000e+000 2.933987075e-017 -7.300000000e-001 -7.300000000e-001 -7.150355273e-004 
d 0.000000000e+000 0.000000000e+000 7.074887803e-004 -8.000000000e-001 -8.000000000e-001 0.000000000e+000 0.000000000e+000 0.000000000e+000 2.880664184e-017 -7.000000000e-001 -7.000000000e-001 -7.074887803e-004 
d 0.000000000e+000 0.000000000e+000 6.998318404e-004 -8.000000000e-001 -8.000000000e-001 0.000000000e+000 0.000000000e+000 0.000000000e+000 2.844270720e-017 -6.700000000e-001 -6.700000000e-001 -6.998319296e-004 
d 0.000000000e+000 0.000000000e+000 6.920378164e-004 -8.000000000e-001 -8.000000000e-001 0.000000000e+000 0.000000000e+000 0.000000000e+000 2.800044687e-017 -6.400000000e-001 -6.400000000e-001 -6.920378941e-004 
d 0.000000000e+000 0.000000000e+000 6.840750878e-004 -8.000000000e-001 -8.000000000e-001 0.000000000e+000 0.000000000e+000 0.000000000e+000 2.754921050e-017 -6.100000000e-001 -6.100000000e-001 -6.840752005e-004 
d 0.000000000e+000 0.000000000e+000 6.759031946e-004 -8.000000000e-001 -8.000000000e-001 0.000000000e+000 0.000000000e+000 0.000000000e+000 2.717180975e-017 -5.800000000e-001 -5.800000000e-001 -6.759032708e-004 
d 0.000000000e+000 0.000000000e+000 6.674855466e-004 -8.000000000e-001 -8.000000000e-001 0.000000000e+000 0.000000000e+000 0.000000000e+000 2.675320519e-017 -5.500000000e-001 -5.500000000e-001 -6.674856480e-004 
d 0.000000000e+000 0.000000000e+000 6.587529789e-004 -8.000000000e-001 -8.000000000e-001 0.000000000e+000 0.000000000e+000 0.000000000e+000 2.621588773e-017 -5.200000000e-001 -5.200000000e-001 -6.587529789e-004 
d 0.000000000e+000 0.000000000e+000 6.495258193e-004 -8.000000000e-001 -8.000000000e-001 0.000000000e+000 0.000000000e+000 0.000000000e+000 2.563328563e-017 -4.900000000e-001 -4.900000000e-001 -6.495258193e-004 
d 0.000000000e+000 0.000000000e+000 6.398668956e-004 -8.000000000e-001 -8.000000000e-001 0.000000000e+000 0.000000000e+000 0.000000000e+000 2.475002843e-017 -4.600000000e-001 -4.600000000e-001 -6.398668956e-004 
d 0.000000000e+000 0.000000000e+000 6.297245454e-004 -8.000000000e-001 -8.000000000e-001 0.000000000e+000 0.000000000e+000 0.000000000e+000 2.366361348e-017 -4.300000000e-001 -4.300000000e-001 -6.297245454e-004 
d 0.000000000e+000 0.000000000e+000 6.186897608e-004 -8.000000000e-001 -8.000000000e-001 0.000000000e+000 0.000000000e+000 0.000000000e+000 2.228143604e-017 -4.000000000e-001 -4.000000000e-001 -6.186897608e-004 
d 0.000000000e+000 0.000000000e+000 6.066029636e-004 -8.000000000e-001 -8.000000000e-001 0.000000000e+000 0.000000000e+000 0.000000000e+000 2.051211635e-017 -3.700000000e-001 -3.700000000e-001 -6.066029636e-004 
d 0.000000000e+000 0.000000000e+000 5.930779354e-004 -8.000000000e-001 -8.000000000e-001 0.000000000e+000 0.000000000e+000 0.000000000e+000 1.871708716e-017 -3.400000000e-001 -3.400000000e-001 -5.930779354e-004 
d 0.000000000e+000 0.000000000e+000 5.774719573e-004 -8.000000000e-001 -8.000000000e-001 0.000000000e+000 0.000000000e+000 0.000000000e+000 1.681557216e-017 -3.100000000e-001 -3.100000000e-001 -5.774719573e-004 
d 0.000000000e+000 0.000000000e+000 5.587845957e-004 -8.000000000e-001 -8.000000000e-001 0.000000000e+000 0.000000000e+000 0.000000000e+000 1.518450161e-017 -2.800000000e-001 -2.800000000e-001 -5.587845957e-004 
d 0.000000000e+000 0.000000000e+000 5.355720457e-004 -8.000000000e-001 -8.000000000e-001 0.000000000e+000 0.000000000e+000 0.000000000e+000 1.374676435e-017 -2.500000000e-001 -2.500000000e-001 -5.355720457e-004 
d 0.000000000e+000 0.000000000e+000 5.058458857e-004 -8.000000000e-001 -8.000000000e-001 0.000000000e+000 0.000000000e+000 0.000000000e+000 1.250356798e-017 -2.200000000e-001 -2.200000000e-001 -5.058458857e-004 
d 0.000000000e+000 0.000000000e+000 4.675448704e-004 -8.000000000e-001 -8.000000000e-001 0.000000000e+000 0.000000000e+000 0.000000000e+000 1.138513220e-017 -1.900000000e-001 -1.900000000e-001 -4.675448704e-004 
d 0.000000000e+000 0.000000000e+000 4.183213955e-004 -8.000000000e-001 -8.000000000e-001 0.000000000e+000 0.000000000e+000 0.000000000e+000 1.022294019e-017 -1.600000000e-001 -1.600000000e-001 -4.183213955e-004 
d 0.000000000e+000 0.000000000e+000 3.594161533e-004 -8.000000000e-001 -8.000000000e-001 0.000000000e+000 0.000000000e+000 0.000000000e+000 8.959429810e-018 -1.300000000e-001 -1.300000000e-001 -3.594160476e-004 
d 0.000000000e+000 0.000000000e+000 2.908523941e-004 -8.000000000e-001 -8.000000000e-001 0.000000000e+000 0.000000000e+000 0.000000000e+000 7.509626396e-018 -1.000000000e-001 -1.000000000e-001 -2.908523337e-004 
d 0.000000000e+000 0.000000000e+000 2.132339941e-004 -8.000000000e-001 -8.000000000e-001 0.000000000e+000 0.000000000e+000 0.000000000e+000 5.749195364e-018 -7.000000000e-002 -7.000000000e-002 -2.132339937e-004 
d 0.000000000e+000 0.000000000e+000 1.267518668e-004 -8.000000000e-001 -8.000000000e-001 0.000000000e+000 0.000000000e+000 0.000000000e+000 3.700901860e-018 -4.000000000e-002 -4.000000000e-002 -1.267519190e-004 
d 0.000000000e+000 0.000000000e+000 3.275800218e-005 -8.000000000e-001 -8.000000000e-001 0.000000000e+000 0.000000000e+000 0.000000000e+000 1.128880666e-018 -1.000000000e-002 -1.000000000e-002 -3.275795256e-005 
