v ATLAS
# This file was created by ATLAS version 5.28.1.R on Tue Mar 10 09:41:06 2026.
#SSF 2.0 generic
##############################################################################
#                    Copyright (c) 1984 - 2019                               #
#                    Silvaco Inc. All rights reserved                        #
#                                                                            #
# This file format and the following Key are copyright Silvaco Inc.          #
# You may not use, this format or key without reproducing this message in    #
# full and obtaining express written permission from Silvaco Inc.            #
#                                                                            #
# To obtain such permission please contact: Silvaco Inc.                     #
#                                           support@silvaco.com              #
#                                                                            #
# KEY=SVC86hn7562asdx                       PROD=345                         #
##############################################################################
y 1 15
z 300
f 4 "Source" "Gate" "Bulk" "Drain" 
p 12 2 601 20 3 602 21 4 603 22 5 604 23 
d 0.000000000e+000 0.000000000e+000 3.831523321e-004 -1.000000000e+000 -1.000000000e+000 0.000000000e+000 0.000000000e+000 0.000000000e+000 7.619217059e-018 -1.000000000e-001 -1.000000000e-001 -3.831523321e-004 
d 0.000000000e+000 0.000000000e+000 3.761602650e-004 -9.800000000e-001 -9.800000000e-001 0.000000000e+000 0.000000000e+000 0.000000000e+000 7.604891518e-018 -1.000000000e-001 -1.000000000e-001 -3.761601752e-004 
d 0.000000000e+000 0.000000000e+000 3.687981112e-004 -9.600000000e-001 -9.600000000e-001 0.000000000e+000 0.000000000e+000 0.000000000e+000 7.542833871e-018 -1.000000000e-001 -1.000000000e-001 -3.687981721e-004 
d 0.000000000e+000 0.000000000e+000 3.609493002e-004 -9.400000000e-001 -9.400000000e-001 0.000000000e+000 0.000000000e+000 0.000000000e+000 7.531764814e-018 -1.000000000e-001 -1.000000000e-001 -3.609493426e-004 
d 0.000000000e+000 0.000000000e+000 3.526558185e-004 -9.200000000e-001 -9.200000000e-001 0.000000000e+000 0.000000000e+000 0.000000000e+000 7.596976811e-018 -1.000000000e-001 -1.000000000e-001 -3.526558780e-004 
d 0.000000000e+000 0.000000000e+000 3.438750727e-004 -9.000000000e-001 -9.000000000e-001 0.000000000e+000 0.000000000e+000 0.000000000e+000 7.566726529e-018 -1.000000000e-001 -1.000000000e-001 -3.438751304e-004 
d 0.000000000e+000 0.000000000e+000 3.345688869e-004 -8.800000000e-001 -8.800000000e-001 0.000000000e+000 0.000000000e+000 0.000000000e+000 7.569106827e-018 -1.000000000e-001 -1.000000000e-001 -3.345689350e-004 
d 0.000000000e+000 0.000000000e+000 3.246853173e-004 -8.600000000e-001 -8.600000000e-001 0.000000000e+000 0.000000000e+000 0.000000000e+000 7.519673490e-018 -1.000000000e-001 -1.000000000e-001 -3.246853584e-004 
d 0.000000000e+000 0.000000000e+000 3.141609152e-004 -8.400000000e-001 -8.400000000e-001 0.000000000e+000 0.000000000e+000 0.000000000e+000 7.555901752e-018 -1.000000000e-001 -1.000000000e-001 -3.141609570e-004 
d 0.000000000e+000 0.000000000e+000 3.028943119e-004 -8.200000000e-001 -8.200000000e-001 0.000000000e+000 0.000000000e+000 0.000000000e+000 7.477083930e-018 -1.000000000e-001 -1.000000000e-001 -3.028943641e-004 
d 0.000000000e+000 0.000000000e+000 2.908560419e-004 -8.000000000e-001 -8.000000000e-001 0.000000000e+000 0.000000000e+000 0.000000000e+000 7.488821451e-018 -1.000000000e-001 -1.000000000e-001 -2.908561287e-004 
d 0.000000000e+000 0.000000000e+000 2.779804712e-004 -7.800000000e-001 -7.800000000e-001 0.000000000e+000 0.000000000e+000 0.000000000e+000 7.452413719e-018 -1.000000000e-001 -1.000000000e-001 -2.779805493e-004 
d 0.000000000e+000 0.000000000e+000 2.641867964e-004 -7.600000000e-001 -7.600000000e-001 0.000000000e+000 0.000000000e+000 0.000000000e+000 7.437209542e-018 -1.000000000e-001 -1.000000000e-001 -2.641868643e-004 
d 0.000000000e+000 0.000000000e+000 2.493988040e-004 -7.400000000e-001 -7.400000000e-001 0.000000000e+000 0.000000000e+000 0.000000000e+000 7.396294660e-018 -1.000000000e-001 -1.000000000e-001 -2.493988599e-004 
d 0.000000000e+000 0.000000000e+000 2.335464311e-004 -7.200000000e-001 -7.200000000e-001 0.000000000e+000 0.000000000e+000 0.000000000e+000 7.385555735e-018 -1.000000000e-001 -1.000000000e-001 -2.335464741e-004 
d 0.000000000e+000 0.000000000e+000 2.165778125e-004 -7.000000000e-001 -7.000000000e-001 0.000000000e+000 0.000000000e+000 0.000000000e+000 7.322179744e-018 -1.000000000e-001 -1.000000000e-001 -2.165778428e-004 
d 0.000000000e+000 0.000000000e+000 1.984824460e-004 -6.800000000e-001 -6.800000000e-001 0.000000000e+000 0.000000000e+000 0.000000000e+000 7.289385640e-018 -1.000000000e-001 -1.000000000e-001 -1.984824213e-004 
d 0.000000000e+000 0.000000000e+000 1.791310617e-004 -6.600000000e-001 -6.600000000e-001 0.000000000e+000 0.000000000e+000 0.000000000e+000 7.276156958e-018 -1.000000000e-001 -1.000000000e-001 -1.791310244e-004 
d 0.000000000e+000 0.000000000e+000 1.585621238e-004 -6.400000000e-001 -6.400000000e-001 0.000000000e+000 0.000000000e+000 0.000000000e+000 7.230276599e-018 -1.000000000e-001 -1.000000000e-001 -1.585620919e-004 
d 0.000000000e+000 0.000000000e+000 1.374649547e-004 -6.200000000e-001 -6.200000000e-001 0.000000000e+000 0.000000000e+000 0.000000000e+000 7.208045882e-018 -1.000000000e-001 -1.000000000e-001 -1.374649038e-004 
d 0.000000000e+000 0.000000000e+000 1.162599141e-004 -6.000000000e-001 -6.000000000e-001 0.000000000e+000 0.000000000e+000 0.000000000e+000 7.139710565e-018 -1.000000000e-001 -1.000000000e-001 -1.162598916e-004 
d 0.000000000e+000 0.000000000e+000 9.539276710e-005 -5.800000000e-001 -5.800000000e-001 0.000000000e+000 0.000000000e+000 0.000000000e+000 7.077083422e-018 -1.000000000e-001 -1.000000000e-001 -9.539275971e-005 
d 0.000000000e+000 0.000000000e+000 7.538442527e-005 -5.600000000e-001 -5.600000000e-001 0.000000000e+000 0.000000000e+000 0.000000000e+000 7.090335849e-018 -1.000000000e-001 -1.000000000e-001 -7.538442894e-005 
d 0.000000000e+000 0.000000000e+000 5.701977534e-005 -5.400000000e-001 -5.400000000e-001 0.000000000e+000 0.000000000e+000 0.000000000e+000 7.060766365e-018 -1.000000000e-001 -1.000000000e-001 -5.701979198e-005 
d 0.000000000e+000 0.000000000e+000 4.107130638e-005 -5.200000000e-001 -5.200000000e-001 0.000000000e+000 0.000000000e+000 0.000000000e+000 7.000623075e-018 -1.000000000e-001 -1.000000000e-001 -4.107132993e-005 
d 0.000000000e+000 0.000000000e+000 2.811127367e-005 -5.000000000e-001 -5.000000000e-001 0.000000000e+000 0.000000000e+000 0.000000000e+000 7.026177244e-018 -1.000000000e-001 -1.000000000e-001 -2.811128627e-005 
d 0.000000000e+000 0.000000000e+000 1.829891503e-005 -4.800000000e-001 -4.800000000e-001 0.000000000e+000 0.000000000e+000 0.000000000e+000 6.906946186e-018 -1.000000000e-001 -1.000000000e-001 -1.829891912e-005 
d 0.000000000e+000 0.000000000e+000 1.144157868e-005 -4.600000000e-001 -4.600000000e-001 0.000000000e+000 0.000000000e+000 0.000000000e+000 6.882798100e-018 -1.000000000e-001 -1.000000000e-001 -1.144157973e-005 
d 0.000000000e+000 0.000000000e+000 6.924439563e-006 -4.400000000e-001 -4.400000000e-001 0.000000000e+000 0.000000000e+000 0.000000000e+000 6.939856822e-018 -1.000000000e-001 -1.000000000e-001 -6.924439759e-006 
d 0.000000000e+000 0.000000000e+000 4.086550997e-006 -4.200000000e-001 -4.200000000e-001 0.000000000e+000 0.000000000e+000 0.000000000e+000 6.953693294e-018 -1.000000000e-001 -1.000000000e-001 -4.086549439e-006 
d 0.000000000e+000 0.000000000e+000 2.371141902e-006 -4.000000000e-001 -4.000000000e-001 0.000000000e+000 0.000000000e+000 0.000000000e+000 6.927972663e-018 -1.000000000e-001 -1.000000000e-001 -2.371141935e-006 
d 0.000000000e+000 0.000000000e+000 1.361139592e-006 -3.800000000e-001 -3.800000000e-001 0.000000000e+000 0.000000000e+000 0.000000000e+000 7.021378918e-018 -1.000000000e-001 -1.000000000e-001 -1.361139647e-006 
d 0.000000000e+000 0.000000000e+000 7.760105178e-007 -3.600000000e-001 -3.600000000e-001 0.000000000e+000 0.000000000e+000 0.000000000e+000 6.891238853e-018 -1.000000000e-001 -1.000000000e-001 -7.760105249e-007 
d 0.000000000e+000 0.000000000e+000 4.408508521e-007 -3.400000000e-001 -3.400000000e-001 0.000000000e+000 0.000000000e+000 0.000000000e+000 6.922646141e-018 -1.000000000e-001 -1.000000000e-001 -4.408508534e-007 
d 0.000000000e+000 0.000000000e+000 2.499698205e-007 -3.200000000e-001 -3.200000000e-001 0.000000000e+000 0.000000000e+000 0.000000000e+000 6.911629339e-018 -1.000000000e-001 -1.000000000e-001 -2.499698206e-007 
d 0.000000000e+000 0.000000000e+000 1.420055114e-007 -3.000000000e-001 -3.000000000e-001 0.000000000e+000 0.000000000e+000 0.000000000e+000 6.974450731e-018 -1.000000000e-001 -1.000000000e-001 -1.420055114e-007 
d 0.000000000e+000 0.000000000e+000 8.097814849e-008 -2.800000000e-001 -2.800000000e-001 0.000000000e+000 0.000000000e+000 0.000000000e+000 6.925089077e-018 -1.000000000e-001 -1.000000000e-001 -8.097814844e-008 
d 0.000000000e+000 0.000000000e+000 4.634485022e-008 -2.600000000e-001 -2.600000000e-001 0.000000000e+000 0.000000000e+000 0.000000000e+000 6.942222023e-018 -1.000000000e-001 -1.000000000e-001 -4.634485027e-008 
d 0.000000000e+000 0.000000000e+000 2.658907901e-008 -2.400000000e-001 -2.400000000e-001 0.000000000e+000 0.000000000e+000 0.000000000e+000 6.969145723e-018 -1.000000000e-001 -1.000000000e-001 -2.658914588e-008 
d 0.000000000e+000 0.000000000e+000 1.533590223e-008 -2.200000000e-001 -2.200000000e-001 0.000000000e+000 0.000000000e+000 0.000000000e+000 6.922232311e-018 -1.000000000e-001 -1.000000000e-001 -1.533592455e-008 
d 0.000000000e+000 0.000000000e+000 8.899942318e-009 -2.000000000e-001 -2.000000000e-001 0.000000000e+000 0.000000000e+000 0.000000000e+000 7.038903053e-018 -1.000000000e-001 -1.000000000e-001 -8.899949523e-009 
d 0.000000000e+000 0.000000000e+000 5.208591484e-009 -1.800000000e-001 -1.800000000e-001 0.000000000e+000 0.000000000e+000 0.000000000e+000 7.099685998e-018 -1.000000000e-001 -1.000000000e-001 -5.208594227e-009 
d 0.000000000e+000 0.000000000e+000 3.055678363e-009 -1.600000000e-001 -1.600000000e-001 0.000000000e+000 0.000000000e+000 0.000000000e+000 7.014018368e-018 -1.000000000e-001 -1.000000000e-001 -3.055679062e-009 
d 0.000000000e+000 0.000000000e+000 1.810858300e-009 -1.400000000e-001 -1.400000000e-001 0.000000000e+000 0.000000000e+000 0.000000000e+000 6.969552728e-018 -1.000000000e-001 -1.000000000e-001 -1.810858423e-009 
d 0.000000000e+000 0.000000000e+000 1.080394228e-009 -1.200000000e-001 -1.200000000e-001 0.000000000e+000 0.000000000e+000 0.000000000e+000 7.029519833e-018 -1.000000000e-001 -1.000000000e-001 -1.080394240e-009 
d 0.000000000e+000 0.000000000e+000 6.495378689e-010 -1.000000000e-001 -1.000000000e-001 0.000000000e+000 0.000000000e+000 0.000000000e+000 7.071537568e-018 -1.000000000e-001 -1.000000000e-001 -6.495379198e-010 
d 0.000000000e+000 0.000000000e+000 3.940764418e-010 -8.000000000e-002 -8.000000000e-002 0.000000000e+000 0.000000000e+000 0.000000000e+000 7.149046119e-018 -1.000000000e-001 -1.000000000e-001 -3.940765388e-010 
d 0.000000000e+000 0.000000000e+000 2.399787843e-010 -6.000000000e-002 -6.000000000e-002 0.000000000e+000 0.000000000e+000 0.000000000e+000 7.137215730e-018 -1.000000000e-001 -1.000000000e-001 -2.399788287e-010 
d 0.000000000e+000 0.000000000e+000 1.468198958e-010 -4.000000000e-002 -4.000000000e-002 0.000000000e+000 0.000000000e+000 0.000000000e+000 7.166587320e-018 -1.000000000e-001 -1.000000000e-001 -1.468198747e-010 
d 0.000000000e+000 0.000000000e+000 9.037908944e-011 -2.000000000e-002 -2.000000000e-002 0.000000000e+000 0.000000000e+000 0.000000000e+000 7.127424928e-018 -1.000000000e-001 -1.000000000e-001 -9.037893165e-011 
d 0.000000000e+000 0.000000000e+000 5.652244766e-011 -3.846006207e-016 -3.846006207e-016 0.000000000e+000 0.000000000e+000 0.000000000e+000 7.187392051e-018 -1.000000000e-001 -1.000000000e-001 -5.652256764e-011 
d 0.000000000e+000 0.000000000e+000 3.574147996e-011 2.000000000e-002 2.000000000e-002 0.000000000e+000 0.000000000e+000 0.000000000e+000 7.190247522e-018 -1.000000000e-001 -1.000000000e-001 -3.574133922e-011 
d 0.000000000e+000 0.000000000e+000 2.268354793e-011 4.000000000e-002 4.000000000e-002 0.000000000e+000 0.000000000e+000 0.000000000e+000 7.226962046e-018 -1.000000000e-001 -1.000000000e-001 -2.268368692e-011 
d 0.000000000e+000 0.000000000e+000 1.459522001e-011 6.000000000e-002 6.000000000e-002 0.000000000e+000 0.000000000e+000 0.000000000e+000 7.423589203e-018 -1.000000000e-001 -1.000000000e-001 -1.459531032e-011 
d 0.000000000e+000 0.000000000e+000 9.512163866e-012 8.000000000e-002 8.000000000e-002 0.000000000e+000 0.000000000e+000 0.000000000e+000 7.498242186e-018 -1.000000000e-001 -1.000000000e-001 -9.512364334e-012 
d 0.000000000e+000 0.000000000e+000 6.274775093e-012 1.000000000e-001 1.000000000e-001 0.000000000e+000 0.000000000e+000 0.000000000e+000 7.491307092e-018 -1.000000000e-001 -1.000000000e-001 -6.274850137e-012 
d 0.000000000e+000 0.000000000e+000 4.185828764e-012 1.200000000e-001 1.200000000e-001 0.000000000e+000 0.000000000e+000 0.000000000e+000 7.547194817e-018 -1.000000000e-001 -1.000000000e-001 -4.186128677e-012 
d 0.000000000e+000 0.000000000e+000 2.802795951e-012 1.400000000e-001 1.400000000e-001 0.000000000e+000 0.000000000e+000 0.000000000e+000 7.714450269e-018 -1.000000000e-001 -1.000000000e-001 -2.802924595e-012 
d 0.000000000e+000 0.000000000e+000 1.883444995e-012 1.600000000e-001 1.600000000e-001 0.000000000e+000 0.000000000e+000 0.000000000e+000 7.720569271e-018 -1.000000000e-001 -1.000000000e-001 -1.883305039e-012 
d 0.000000000e+000 0.000000000e+000 1.279701421e-012 1.800000000e-001 1.800000000e-001 0.000000000e+000 0.000000000e+000 0.000000000e+000 7.726280333e-018 -1.000000000e-001 -1.000000000e-001 -1.279225661e-012 
d 0.000000000e+000 0.000000000e+000 8.773820747e-013 2.000000000e-001 2.000000000e-001 0.000000000e+000 0.000000000e+000 0.000000000e+000 7.760139282e-018 -1.000000000e-001 -1.000000000e-001 -8.777166862e-013 
d 0.000000000e+000 0.000000000e+000 6.071816827e-013 2.200000000e-001 2.200000000e-001 0.000000000e+000 0.000000000e+000 0.000000000e+000 7.632861780e-018 -1.000000000e-001 -1.000000000e-001 -6.074357766e-013 
d 0.000000000e+000 0.000000000e+000 4.237914227e-013 2.400000000e-001 2.400000000e-001 0.000000000e+000 0.000000000e+000 0.000000000e+000 7.630006096e-018 -1.000000000e-001 -1.000000000e-001 -4.239979214e-013 
d 0.000000000e+000 0.000000000e+000 2.982741314e-013 2.600000000e-001 2.600000000e-001 0.000000000e+000 0.000000000e+000 0.000000000e+000 7.576973745e-018 -1.000000000e-001 -1.000000000e-001 -2.981687679e-013 
d 0.000000000e+000 0.000000000e+000 2.113717331e-013 2.800000000e-001 2.800000000e-001 0.000000000e+000 0.000000000e+000 0.000000000e+000 7.519454051e-018 -1.000000000e-001 -1.000000000e-001 -2.114713710e-013 
d 0.000000000e+000 0.000000000e+000 1.514244952e-013 3.000000000e-001 3.000000000e-001 0.000000000e+000 0.000000000e+000 0.000000000e+000 7.474172569e-018 -1.000000000e-001 -1.000000000e-001 -1.513806164e-013 
d 0.000000000e+000 0.000000000e+000 1.080519339e-013 3.200000000e-001 3.200000000e-001 0.000000000e+000 0.000000000e+000 0.000000000e+000 7.466421599e-018 -1.000000000e-001 -1.000000000e-001 -1.081440004e-013 
d 0.000000000e+000 0.000000000e+000 7.748734306e-014 3.400000000e-001 3.400000000e-001 0.000000000e+000 0.000000000e+000 0.000000000e+000 7.450511825e-018 -1.000000000e-001 -1.000000000e-001 -7.740701725e-014 
d 0.000000000e+000 0.000000000e+000 5.543261065e-014 3.600000000e-001 3.600000000e-001 0.000000000e+000 0.000000000e+000 0.000000000e+000 7.363212486e-018 -1.000000000e-001 -1.000000000e-001 -5.566226732e-014 
d 0.000000000e+000 0.000000000e+000 4.028464186e-014 3.800000000e-001 3.800000000e-001 0.000000000e+000 0.000000000e+000 0.000000000e+000 7.291006941e-018 -1.000000000e-001 -1.000000000e-001 -4.021434159e-014 
d 0.000000000e+000 0.000000000e+000 2.908498775e-014 4.000000000e-001 4.000000000e-001 0.000000000e+000 0.000000000e+000 0.000000000e+000 7.302837116e-018 -1.000000000e-001 -1.000000000e-001 -2.958021687e-014 
d 0.000000000e+000 0.000000000e+000 2.149126557e-014 4.200000000e-001 4.200000000e-001 0.000000000e+000 0.000000000e+000 0.000000000e+000 7.266938266e-018 -1.000000000e-001 -1.000000000e-001 -2.164264989e-014 
d 0.000000000e+000 0.000000000e+000 1.604992824e-014 4.400000000e-001 4.400000000e-001 0.000000000e+000 0.000000000e+000 0.000000000e+000 7.256331721e-018 -1.000000000e-001 -1.000000000e-001 -1.597111671e-014 
d 0.000000000e+000 0.000000000e+000 1.188642992e-014 4.600000000e-001 4.600000000e-001 0.000000000e+000 0.000000000e+000 0.000000000e+000 7.242053713e-018 -1.000000000e-001 -1.000000000e-001 -1.169663249e-014 
d 0.000000000e+000 0.000000000e+000 8.632253553e-015 4.800000000e-001 4.800000000e-001 0.000000000e+000 0.000000000e+000 0.000000000e+000 7.180454621e-018 -1.000000000e-001 -1.000000000e-001 -8.814811053e-015 
d 0.000000000e+000 0.000000000e+000 6.434910401e-015 5.000000000e-001 5.000000000e-001 0.000000000e+000 0.000000000e+000 0.000000000e+000 7.173111601e-018 -1.000000000e-001 -1.000000000e-001 -6.644150466e-015 
